L 09/23/2014 - 17:40:18: Log file started (file "cstrike\addons\amxmodx\configs\war3ft\wc3_error.log") (game "cstrike") (amx "1.8.1.3746")
L 09/23/2014 - 17:40:18: ** Map 'aim_map' ended
L 09/23/2014 - 17:42:00: ** Map aim_map started, version: '3.0 RC11'
L 09/23/2014 - 17:43:05: ** Map 'aim_map' ended
L 09/23/2014 - 17:43:52: ** Map fy_iceworld started, version: '3.0 RC11'
L 09/23/2014 - 17:51:01: ** Map fy_iceworld started, version: '3.0 RC11'
L 09/23/2014 - 18:04:55: ** Map fy_iceworld started, version: '3.0 RC11'
L 09/23/2014 - 18:07:34: ** Map 'fy_iceworld' ended
L 09/23/2014 - 18:07:37: ** Map de_inferno started, version: '3.0 RC11'
L 09/23/2014 - 18:09:11: ** Map de_inferno started, version: '3.0 RC11'
L 09/23/2014 - 18:10:26: ** Map aim_map started, version: '3.0 RC11'
L 09/23/2014 - 18:10:59: ** Map 'aim_map' ended
L 09/23/2014 - 18:11:01: ** Map de_nuke started, version: '3.0 RC11'
L 09/23/2014 - 18:16:34: ** Map 'de_nuke' ended
L 09/23/2014 - 18:16:36: ** Map fy_iceworld started, version: '3.0 RC11'
L 09/23/2014 - 18:33:07: ** Map fy_iceworld started, version: '3.0 RC11'
L 09/23/2014 - 18:44:28: ** Map fy_iceworld started, version: '3.0 RC11'
L 09/23/2014 - 18:52:06: ** Map 'fy_iceworld' ended
L 09/23/2014 - 18:53:28: ** Map fy_iceworld started, version: '3.0 RC11'
L 09/23/2014 - 19:05:55: ** Map fy_iceworld started, version: '3.0 RC11'
L 09/23/2014 - 19:05:58: ** Map 'fy_iceworld' ended
L 09/23/2014 - 19:06:16: ** Map fy_iceworld started, version: '3.0 RC11'
L 09/23/2014 - 19:07:13: ** Map fy_iceworld started, version: '3.0 RC11'
L 09/23/2014 - 19:13:42: ** Map 'fy_iceworld' ended
L 09/23/2014 - 19:13:50: ** Map fy_iceworld started, version: '3.0 RC11'
L 09/23/2014 - 19:23:45: ** Map fy_iceworld started, version: '3.0 RC11'
L 09/23/2014 - 19:24:04: ** Map 'fy_iceworld' ended
L 09/23/2014 - 19:26:55: ** Map fy_iceworld started, version: '3.0 RC11'
L 09/23/2014 - 19:28:10: ** Map 'fy_iceworld' ended
L 09/23/2014 - 19:28:13: ** Map cs_italy2 started, version: '3.0 RC11'
L 09/23/2014 - 19:43:01: ** Map 'cs_italy2' ended
L 09/23/2014 - 19:43:17: ** Map awp_india started, version: '3.0 RC11'
L 09/23/2014 - 19:44:01: ** Map 'awp_india' ended
L 09/23/2014 - 19:44:02: ** Map awp_india started, version: '3.0 RC11'
L 09/23/2014 - 19:55:46: ** Map 'awp_india' ended
L 09/23/2014 - 19:56:03: ** Map awp_india started, version: '3.0 RC11'
L 09/23/2014 - 20:07:23: ** Map 'awp_india' ended
L 09/23/2014 - 20:07:32: ** Map awp_india started, version: '3.0 RC11'
L 09/23/2014 - 20:08:12: ** Map cs_italy2 started, version: '3.0 RC11'
L 09/23/2014 - 20:08:20: ** Map 'cs_italy2' ended
L 09/23/2014 - 20:08:20: ** Map awp_india started, version: '3.0 RC11'
L 09/23/2014 - 20:40:18: ** Map 'awp_india' ended
L 09/23/2014 - 20:40:21: ** Map fy_iceworld started, version: '3.0 RC11'
L 09/23/2014 - 20:45:19: ** Map cs_italy2 started, version: '3.0 RC11'
L 09/23/2014 - 20:45:50: ** Map 'cs_italy2' ended
L 09/23/2014 - 20:45:50: ** Map aim_map started, version: '3.0 RC11'
L 09/23/2014 - 20:46:13: ** Map 'aim_map' ended
L 09/23/2014 - 20:46:22: ** Map aim_map started, version: '3.0 RC11'
L 09/23/2014 - 21:17:55: ** Map 'aim_map' ended
L 09/23/2014 - 21:17:59: ** Map de_dust2 started, version: '3.0 RC11'
L 09/23/2014 - 21:33:21: ** Map fy_iceworld started, version: '3.0 RC11'
L 09/23/2014 - 21:33:48: ** Map 'fy_iceworld' ended
L 09/23/2014 - 21:34:07: ** Map fy_iceworld started, version: '3.0 RC11'
L 09/23/2014 - 21:43:38: ** Map de_dust2 started, version: '3.0 RC11'
L 09/23/2014 - 22:22:00: ** Map 'de_dust2' ended
L 09/23/2014 - 22:22:02: ** Map fy_iceworld started, version: '3.0 RC11'
L 09/23/2014 - 23:00:22: ** Map 'fy_iceworld' ended
L 09/23/2014 - 23:00:23: ** Map awp_india started, version: '3.0 RC11'
L 09/23/2014 - 23:38:43: ** Map 'awp_india' ended
L 09/23/2014 - 23:38:44: ** Map cs_italy2 started, version: '3.0 RC11'
L 09/24/2014 - 00:17:03: ** Map 'cs_italy2' ended
L 09/24/2014 - 00:17:04: ** Map aim_map started, version: '3.0 RC11'
L 09/24/2014 - 12:55:23: ** Map 'aim_map' ended
L 09/24/2014 - 12:55:24: ** Map fy_iceworld started, version: '3.0 RC11'
L 09/24/2014 - 13:33:43: ** Map 'fy_iceworld' ended
L 09/24/2014 - 13:33:44: ** Map awp_india started, version: '3.0 RC11'
L 09/24/2014 - 02:12:04: ** Map 'awp_india' ended
L 09/24/2014 - 02:12:04: ** Map cs_italy2 started, version: '3.0 RC11'
L 09/24/2014 - 02:50:24: ** Map 'cs_italy2' ended
L 09/24/2014 - 02:50:25: ** Map aim_map started, version: '3.0 RC11'
L 09/24/2014 - 03:28:45: ** Map 'aim_map' ended
L 09/24/2014 - 03:28:45: ** Map fy_iceworld started, version: '3.0 RC11'
L 09/24/2014 - 04:07:05: ** Map 'fy_iceworld' ended
L 09/24/2014 - 04:07:06: ** Map awp_india started, version: '3.0 RC11'
L 09/24/2014 - 04:45:26: ** Map 'awp_india' ended
L 09/24/2014 - 04:45:26: ** Map cs_italy2 started, version: '3.0 RC11'
L 09/24/2014 - 05:23:46: ** Map 'cs_italy2' ended
L 09/24/2014 - 05:23:47: ** Map aim_map started, version: '3.0 RC11'
L 09/24/2014 - 06:02:07: ** Map 'aim_map' ended
L 09/24/2014 - 06:02:07: ** Map fy_iceworld started, version: '3.0 RC11'
L 09/24/2014 - 06:40:40: ** Map 'fy_iceworld' ended
L 09/24/2014 - 06:40:41: ** Map awp_india started, version: '3.0 RC11'
L 09/24/2014 - 07:19:01: ** Map 'awp_india' ended
L 09/24/2014 - 07:19:02: ** Map cs_italy2 started, version: '3.0 RC11'
L 09/24/2014 - 07:57:21: ** Map 'cs_italy2' ended
L 09/24/2014 - 07:57:22: ** Map aim_map started, version: '3.0 RC11'
L 09/24/2014 - 08:35:42: ** Map 'aim_map' ended
L 09/24/2014 - 08:35:42: ** Map fy_iceworld started, version: '3.0 RC11'
L 09/24/2014 - 09:14:02: ** Map 'fy_iceworld' ended
L 09/24/2014 - 09:14:03: ** Map awp_india started, version: '3.0 RC11'
L 09/24/2014 - 09:52:22: ** Map 'awp_india' ended
L 09/24/2014 - 09:52:23: ** Map cs_italy2 started, version: '3.0 RC11'
L 09/24/2014 - 10:30:43: ** Map 'cs_italy2' ended
L 09/24/2014 - 10:30:44: ** Map aim_map started, version: '3.0 RC11'
L 09/24/2014 - 11:09:03: ** Map 'aim_map' ended
L 09/24/2014 - 11:09:04: ** Map fy_iceworld started, version: '3.0 RC11'
L 09/24/2014 - 11:47:24: ** Map 'fy_iceworld' ended
L 09/24/2014 - 11:47:24: ** Map awp_india started, version: '3.0 RC11'
L 09/24/2014 - 12:25:47: ** Map 'awp_india' ended
L 09/24/2014 - 12:25:47: ** Map cs_italy2 started, version: '3.0 RC11'
L 09/24/2014 - 13:04:08: ** Map 'cs_italy2' ended
L 09/24/2014 - 13:04:09: ** Map aim_map started, version: '3.0 RC11'
L 09/24/2014 - 13:04:22: ** Map 'aim_map' ended
L 09/24/2014 - 15:53:47: ** Map de_dust2 started, version: '3.0 RC11'
L 09/24/2014 - 16:02:44: ** Map 'de_dust2' ended
L 09/24/2014 - 16:02:46: ** Map aim_map started, version: '3.0 RC11'
L 09/24/2014 - 16:36:04: ** Map 'aim_map' ended
L 09/24/2014 - 16:36:06: ** Map awp_india started, version: '3.0 RC11'
L 09/24/2014 - 17:13:08: ** Map 'awp_india' ended
L 09/24/2014 - 17:13:10: ** Map de_dust2 started, version: '3.0 RC11'
L 09/24/2014 - 17:17:57: ** Map 'de_dust2' ended
L 09/25/2014 - 12:02:30: ** Map aim_map started, version: '3.0 RC11'
L 09/25/2014 - 12:47:06: ** Map 'aim_map' ended
L 09/25/2014 - 14:12:02: ** Map fy_iceworld started, version: '3.0 RC11'
L 09/25/2014 - 14:39:50: ** Map cs_italy2 started, version: '3.0 RC11'
L 09/25/2014 - 15:00:07: ** Map 'cs_italy2' ended
L 09/25/2014 - 15:00:09: ** Map aim_map started, version: '3.0 RC11'
L 09/25/2014 - 15:33:45: ** Map 'aim_map' ended
L 09/25/2014 - 15:33:47: ** Map de_dust2 started, version: '3.0 RC11'
L 09/25/2014 - 15:51:47: ** Map 'de_dust2' ended
L 09/26/2014 - 04:29:46: ** Map de_dust2 started, version: '3.0 RC11'
L 09/26/2014 - 04:33:02: ** Map 'de_dust2' ended
L 09/26/2014 - 04:33:04: ** Map fy_iceworld started, version: '3.0 RC11'
L 09/26/2014 - 15:59:54: ** Map fy_iceworld started, version: '3.0 RC11'
L 09/26/2014 - 22:46:09: ** Map fy_iceworld started, version: '3.0 RC11'
L 09/26/2014 - 23:06:31: ** Map aim_map started, version: '3.0 RC11'
L 09/26/2014 - 23:47:48: ** Map 'aim_map' ended
L 09/26/2014 - 23:47:50: ** Map fy_iceworld started, version: '3.0 RC11'
L 09/27/2014 - 00:04:45: ** Map 'fy_iceworld' ended
L 09/27/2014 - 00:43:44: ** Map de_dust2 started, version: '3.0 RC11'
L 09/27/2014 - 12:55:24: ** Map 'de_dust2' ended
