L 11/21/2009 - 17:03:59: Log file started (file "cstrike\addons\amxmodx\configs\war3ft\wc3_error.log") (game "cstrike") (amx "1.8.0.3660")
L 05/15/2010 - 02:33:59: [ERROR] Missing sound file 'sound/warcraft3/MiniSpiritPissed1.wav'
L 05/15/2010 - 02:33:59: [ERROR] Missing sound file 'sound/warcraft3/banishcaster.wav'
L 05/15/2010 - 02:33:59: [ERROR] Missing sound file 'sound/warcraft3/locustswarmloop.wav'
L 05/15/2010 - 02:33:59: [ERROR] Missing sound file 'sound/warcraft3/shadowstrikebirth.wav'
L 05/15/2010 - 02:33:59: [ERROR] Missing sound file 'sound/warcraft3/carrionswarmlaunch1.wav'
L 05/15/2010 - 02:33:59: [ERROR] Missing sound file 'sound/warcraft3/impalehit.wav'
L 05/15/2010 - 02:33:59: [ERROR] Missing sound file 'sound/warcraft3/divineshield.wav'
L 05/15/2010 - 02:33:59: [ERROR] Missing sound file 'sound/warcraft3/flamestriketargetwavenonloop1.wav'
L 05/15/2010 - 02:33:59: [ERROR] Missing sound file 'sound/warcraft3/entanglingrootstarget1.wav'
L 05/15/2010 - 02:33:59: [ERROR] Missing sound file 'sound/warcraft3/lightningbolt.wav'
L 05/15/2010 - 02:33:59: [ERROR] Missing sound file 'sound/warcraft3/massteleporttarget.wav'
L 05/15/2010 - 02:33:59: [ERROR] Missing sound file 'sound/warcraft3/blinkarrival.wav'
L 05/15/2010 - 02:33:59: [ERROR] Missing sound file 'sound/warcraft3/PurgeTarget1.wav'
L 05/15/2010 - 02:33:59: [ERROR] Missing sound file 'sound/warcraft3/PossessionMissileLaunch1.wav'
L 05/15/2010 - 02:33:59: [ERROR] Missing sound file 'sound/warcraft3/PossessionMissileHit1.wav'
L 05/15/2010 - 02:33:59: [ERROR] Missing sound file 'sound/warcraft3/PolymorphDone.wav'
L 05/15/2010 - 02:33:59: [ERROR] Missing sound file 'sound/warcraft3/ImmolationDecay1.wav'
L 05/15/2010 - 02:33:59: [ERROR] Missing sound file 'sound/warcraft3/levelupcaster.wav'
L 05/15/2010 - 02:33:59: [ERROR] Missing sound file 'sound/warcraft3/pickupitem.wav'
L 05/15/2010 - 02:33:59: [ERROR] Missing sound file 'sound/warcraft3/Tomes.wav'
L 05/15/2010 - 02:33:59: [ERROR] Missing sound file 'sound/warcraft3/resurrecttarget.wav'
L 05/15/2010 - 02:33:59: [ERROR] Missing sound file 'sound/warcraft3/soundpack/reincarnation.wav'
L 05/15/2010 - 02:33:59: [ERROR] Missing sound file 'sound/warcraft3/antend.wav'
L 05/15/2010 - 02:33:59: [ERROR] Missing sound file 'sound/warcraft3/bonus/Error.wav'
L 05/15/2010 - 02:33:59: [ERROR] Missing sound file 'sound/warcraft3/DispelMagicTarget.wav'
L 05/15/2010 - 02:33:59: [ERROR] Missing sound file 'sound/warcraft3/SpellShieldImpact1.wav'
L 05/15/2010 - 02:34:06: [ERROR] Missing sound file 'sound/warcraft3/MiniSpiritPissed1.wav'
L 05/15/2010 - 02:34:06: [ERROR] Missing sound file 'sound/warcraft3/banishcaster.wav'
L 05/15/2010 - 02:34:06: [ERROR] Missing sound file 'sound/warcraft3/locustswarmloop.wav'
L 05/15/2010 - 02:34:06: [ERROR] Missing sound file 'sound/warcraft3/shadowstrikebirth.wav'
L 05/15/2010 - 02:34:06: [ERROR] Missing sound file 'sound/warcraft3/carrionswarmlaunch1.wav'
L 05/15/2010 - 02:34:06: [ERROR] Missing sound file 'sound/warcraft3/impalehit.wav'
L 05/15/2010 - 02:34:06: [ERROR] Missing sound file 'sound/warcraft3/divineshield.wav'
L 05/15/2010 - 02:34:06: [ERROR] Missing sound file 'sound/warcraft3/flamestriketargetwavenonloop1.wav'
L 05/15/2010 - 02:34:06: [ERROR] Missing sound file 'sound/warcraft3/entanglingrootstarget1.wav'
L 05/15/2010 - 02:34:06: [ERROR] Missing sound file 'sound/warcraft3/lightningbolt.wav'
L 05/15/2010 - 02:34:06: [ERROR] Missing sound file 'sound/warcraft3/massteleporttarget.wav'
L 05/15/2010 - 02:34:06: [ERROR] Missing sound file 'sound/warcraft3/blinkarrival.wav'
L 05/15/2010 - 02:34:06: [ERROR] Missing sound file 'sound/warcraft3/PurgeTarget1.wav'
L 05/15/2010 - 02:34:06: [ERROR] Missing sound file 'sound/warcraft3/PossessionMissileLaunch1.wav'
L 05/15/2010 - 02:34:06: [ERROR] Missing sound file 'sound/warcraft3/PossessionMissileHit1.wav'
L 05/15/2010 - 02:34:06: [ERROR] Missing sound file 'sound/warcraft3/PolymorphDone.wav'
L 05/15/2010 - 02:34:06: [ERROR] Missing sound file 'sound/warcraft3/ImmolationDecay1.wav'
L 05/15/2010 - 02:34:06: [ERROR] Missing sound file 'sound/warcraft3/levelupcaster.wav'
L 05/15/2010 - 02:34:06: [ERROR] Missing sound file 'sound/warcraft3/pickupitem.wav'
L 05/15/2010 - 02:34:06: [ERROR] Missing sound file 'sound/warcraft3/Tomes.wav'
L 05/15/2010 - 02:34:06: [ERROR] Missing sound file 'sound/warcraft3/resurrecttarget.wav'
L 05/15/2010 - 02:34:06: [ERROR] Missing sound file 'sound/warcraft3/soundpack/reincarnation.wav'
L 05/15/2010 - 02:34:06: [ERROR] Missing sound file 'sound/warcraft3/antend.wav'
L 05/15/2010 - 02:34:06: [ERROR] Missing sound file 'sound/warcraft3/bonus/Error.wav'
L 05/15/2010 - 02:34:06: [ERROR] Missing sound file 'sound/warcraft3/DispelMagicTarget.wav'
L 05/15/2010 - 02:34:06: [ERROR] Missing sound file 'sound/warcraft3/SpellShieldImpact1.wav'
L 05/15/2010 - 02:35:44: [ERROR] Missing sound file 'sound/warcraft3/MiniSpiritPissed1.wav'
L 05/15/2010 - 02:35:44: [ERROR] Missing sound file 'sound/warcraft3/banishcaster.wav'
L 05/15/2010 - 02:35:44: [ERROR] Missing sound file 'sound/warcraft3/locustswarmloop.wav'
L 05/15/2010 - 02:35:44: [ERROR] Missing sound file 'sound/warcraft3/shadowstrikebirth.wav'
L 05/15/2010 - 02:35:44: [ERROR] Missing sound file 'sound/warcraft3/carrionswarmlaunch1.wav'
L 05/15/2010 - 02:35:44: [ERROR] Missing sound file 'sound/warcraft3/impalehit.wav'
L 05/15/2010 - 02:35:44: [ERROR] Missing sound file 'sound/warcraft3/divineshield.wav'
L 05/15/2010 - 02:35:44: [ERROR] Missing sound file 'sound/warcraft3/flamestriketargetwavenonloop1.wav'
L 05/15/2010 - 02:35:44: [ERROR] Missing sound file 'sound/warcraft3/entanglingrootstarget1.wav'
L 05/15/2010 - 02:35:44: [ERROR] Missing sound file 'sound/warcraft3/lightningbolt.wav'
L 05/15/2010 - 02:35:44: [ERROR] Missing sound file 'sound/warcraft3/massteleporttarget.wav'
L 05/15/2010 - 02:35:44: [ERROR] Missing sound file 'sound/warcraft3/blinkarrival.wav'
L 05/15/2010 - 02:35:44: [ERROR] Missing sound file 'sound/warcraft3/PurgeTarget1.wav'
L 05/15/2010 - 02:35:44: [ERROR] Missing sound file 'sound/warcraft3/PossessionMissileLaunch1.wav'
L 05/15/2010 - 02:35:44: [ERROR] Missing sound file 'sound/warcraft3/PossessionMissileHit1.wav'
L 05/15/2010 - 02:35:44: [ERROR] Missing sound file 'sound/warcraft3/PolymorphDone.wav'
L 05/15/2010 - 02:35:44: [ERROR] Missing sound file 'sound/warcraft3/ImmolationDecay1.wav'
L 05/15/2010 - 02:35:44: [ERROR] Missing sound file 'sound/warcraft3/levelupcaster.wav'
L 05/15/2010 - 02:35:44: [ERROR] Missing sound file 'sound/warcraft3/pickupitem.wav'
L 05/15/2010 - 02:35:44: [ERROR] Missing sound file 'sound/warcraft3/Tomes.wav'
L 05/15/2010 - 02:35:44: [ERROR] Missing sound file 'sound/warcraft3/resurrecttarget.wav'
L 05/15/2010 - 02:35:44: [ERROR] Missing sound file 'sound/warcraft3/soundpack/reincarnation.wav'
L 05/15/2010 - 02:35:44: [ERROR] Missing sound file 'sound/warcraft3/antend.wav'
L 05/15/2010 - 02:35:44: [ERROR] Missing sound file 'sound/warcraft3/bonus/Error.wav'
L 05/15/2010 - 02:35:44: [ERROR] Missing sound file 'sound/warcraft3/DispelMagicTarget.wav'
L 05/15/2010 - 02:35:44: [ERROR] Missing sound file 'sound/warcraft3/SpellShieldImpact1.wav'
L 05/15/2010 - 02:35:51: [ERROR] Missing sound file 'sound/warcraft3/MiniSpiritPissed1.wav'
L 05/15/2010 - 02:35:51: [ERROR] Missing sound file 'sound/warcraft3/banishcaster.wav'
L 05/15/2010 - 02:35:51: [ERROR] Missing sound file 'sound/warcraft3/locustswarmloop.wav'
L 05/15/2010 - 02:35:51: [ERROR] Missing sound file 'sound/warcraft3/shadowstrikebirth.wav'
L 05/15/2010 - 02:35:51: [ERROR] Missing sound file 'sound/warcraft3/carrionswarmlaunch1.wav'
L 05/15/2010 - 02:35:51: [ERROR] Missing sound file 'sound/warcraft3/impalehit.wav'
L 05/15/2010 - 02:35:51: [ERROR] Missing sound file 'sound/warcraft3/divineshield.wav'
L 05/15/2010 - 02:35:51: [ERROR] Missing sound file 'sound/warcraft3/flamestriketargetwavenonloop1.wav'
L 05/15/2010 - 02:35:51: [ERROR] Missing sound file 'sound/warcraft3/entanglingrootstarget1.wav'
L 05/15/2010 - 02:35:51: [ERROR] Missing sound file 'sound/warcraft3/lightningbolt.wav'
L 05/15/2010 - 02:35:51: [ERROR] Missing sound file 'sound/warcraft3/massteleporttarget.wav'
L 05/15/2010 - 02:35:51: [ERROR] Missing sound file 'sound/warcraft3/blinkarrival.wav'
L 05/15/2010 - 02:35:51: [ERROR] Missing sound file 'sound/warcraft3/PurgeTarget1.wav'
L 05/15/2010 - 02:35:51: [ERROR] Missing sound file 'sound/warcraft3/PossessionMissileLaunch1.wav'
L 05/15/2010 - 02:35:51: [ERROR] Missing sound file 'sound/warcraft3/PossessionMissileHit1.wav'
L 05/15/2010 - 02:35:51: [ERROR] Missing sound file 'sound/warcraft3/PolymorphDone.wav'
L 05/15/2010 - 02:35:51: [ERROR] Missing sound file 'sound/warcraft3/ImmolationDecay1.wav'
L 05/15/2010 - 02:35:51: [ERROR] Missing sound file 'sound/warcraft3/levelupcaster.wav'
L 05/15/2010 - 02:35:51: [ERROR] Missing sound file 'sound/warcraft3/pickupitem.wav'
L 05/15/2010 - 02:35:51: [ERROR] Missing sound file 'sound/warcraft3/Tomes.wav'
L 05/15/2010 - 02:35:51: [ERROR] Missing sound file 'sound/warcraft3/resurrecttarget.wav'
L 05/15/2010 - 02:35:51: [ERROR] Missing sound file 'sound/warcraft3/soundpack/reincarnation.wav'
L 05/15/2010 - 02:35:51: [ERROR] Missing sound file 'sound/warcraft3/antend.wav'
L 05/15/2010 - 02:35:51: [ERROR] Missing sound file 'sound/warcraft3/bonus/Error.wav'
L 05/15/2010 - 02:35:51: [ERROR] Missing sound file 'sound/warcraft3/DispelMagicTarget.wav'
L 05/15/2010 - 02:35:51: [ERROR] Missing sound file 'sound/warcraft3/SpellShieldImpact1.wav'
L 05/15/2010 - 02:35:55: [ERROR] Missing sound file 'sound/warcraft3/MiniSpiritPissed1.wav'
L 05/15/2010 - 02:35:55: [ERROR] Missing sound file 'sound/warcraft3/banishcaster.wav'
L 05/15/2010 - 02:35:55: [ERROR] Missing sound file 'sound/warcraft3/locustswarmloop.wav'
L 05/15/2010 - 02:35:55: [ERROR] Missing sound file 'sound/warcraft3/shadowstrikebirth.wav'
L 05/15/2010 - 02:35:55: [ERROR] Missing sound file 'sound/warcraft3/carrionswarmlaunch1.wav'
L 05/15/2010 - 02:35:55: [ERROR] Missing sound file 'sound/warcraft3/impalehit.wav'
L 05/15/2010 - 02:35:55: [ERROR] Missing sound file 'sound/warcraft3/divineshield.wav'
L 05/15/2010 - 02:35:55: [ERROR] Missing sound file 'sound/warcraft3/flamestriketargetwavenonloop1.wav'
L 05/15/2010 - 02:35:55: [ERROR] Missing sound file 'sound/warcraft3/entanglingrootstarget1.wav'
L 05/15/2010 - 02:35:55: [ERROR] Missing sound file 'sound/warcraft3/lightningbolt.wav'
L 05/15/2010 - 02:35:55: [ERROR] Missing sound file 'sound/warcraft3/massteleporttarget.wav'
L 05/15/2010 - 02:35:55: [ERROR] Missing sound file 'sound/warcraft3/blinkarrival.wav'
L 05/15/2010 - 02:35:55: [ERROR] Missing sound file 'sound/warcraft3/PurgeTarget1.wav'
L 05/15/2010 - 02:35:55: [ERROR] Missing sound file 'sound/warcraft3/PossessionMissileLaunch1.wav'
L 05/15/2010 - 02:35:55: [ERROR] Missing sound file 'sound/warcraft3/PossessionMissileHit1.wav'
L 05/15/2010 - 02:35:55: [ERROR] Missing sound file 'sound/warcraft3/PolymorphDone.wav'
L 05/15/2010 - 02:35:55: [ERROR] Missing sound file 'sound/warcraft3/ImmolationDecay1.wav'
L 05/15/2010 - 02:35:55: [ERROR] Missing sound file 'sound/warcraft3/levelupcaster.wav'
L 05/15/2010 - 02:35:55: [ERROR] Missing sound file 'sound/warcraft3/pickupitem.wav'
L 05/15/2010 - 02:35:55: [ERROR] Missing sound file 'sound/warcraft3/Tomes.wav'
L 05/15/2010 - 02:35:55: [ERROR] Missing sound file 'sound/warcraft3/resurrecttarget.wav'
L 05/15/2010 - 02:35:55: [ERROR] Missing sound file 'sound/warcraft3/soundpack/reincarnation.wav'
L 05/15/2010 - 02:35:55: [ERROR] Missing sound file 'sound/warcraft3/antend.wav'
L 05/15/2010 - 02:35:55: [ERROR] Missing sound file 'sound/warcraft3/bonus/Error.wav'
L 05/15/2010 - 02:35:55: [ERROR] Missing sound file 'sound/warcraft3/DispelMagicTarget.wav'
L 05/15/2010 - 02:35:55: [ERROR] Missing sound file 'sound/warcraft3/SpellShieldImpact1.wav'
L 05/15/2010 - 02:36:13: [ERROR] Missing sound file 'sound/warcraft3/MiniSpiritPissed1.wav'
L 05/15/2010 - 02:36:13: [ERROR] Missing sound file 'sound/warcraft3/banishcaster.wav'
L 05/15/2010 - 02:36:13: [ERROR] Missing sound file 'sound/warcraft3/locustswarmloop.wav'
L 05/15/2010 - 02:36:13: [ERROR] Missing sound file 'sound/warcraft3/shadowstrikebirth.wav'
L 05/15/2010 - 02:36:13: [ERROR] Missing sound file 'sound/warcraft3/carrionswarmlaunch1.wav'
L 05/15/2010 - 02:36:13: [ERROR] Missing sound file 'sound/warcraft3/impalehit.wav'
L 05/15/2010 - 02:36:13: [ERROR] Missing sound file 'sound/warcraft3/divineshield.wav'
L 05/15/2010 - 02:36:13: [ERROR] Missing sound file 'sound/warcraft3/flamestriketargetwavenonloop1.wav'
L 05/15/2010 - 02:36:13: [ERROR] Missing sound file 'sound/warcraft3/entanglingrootstarget1.wav'
L 05/15/2010 - 02:36:13: [ERROR] Missing sound file 'sound/warcraft3/lightningbolt.wav'
L 05/15/2010 - 02:36:13: [ERROR] Missing sound file 'sound/warcraft3/massteleporttarget.wav'
L 05/15/2010 - 02:36:13: [ERROR] Missing sound file 'sound/warcraft3/blinkarrival.wav'
L 05/15/2010 - 02:36:13: [ERROR] Missing sound file 'sound/warcraft3/PurgeTarget1.wav'
L 05/15/2010 - 02:36:13: [ERROR] Missing sound file 'sound/warcraft3/PossessionMissileLaunch1.wav'
L 05/15/2010 - 02:36:13: [ERROR] Missing sound file 'sound/warcraft3/PossessionMissileHit1.wav'
L 05/15/2010 - 02:36:13: [ERROR] Missing sound file 'sound/warcraft3/PolymorphDone.wav'
L 05/15/2010 - 02:36:13: [ERROR] Missing sound file 'sound/warcraft3/ImmolationDecay1.wav'
L 05/15/2010 - 02:36:13: [ERROR] Missing sound file 'sound/warcraft3/levelupcaster.wav'
L 05/15/2010 - 02:36:13: [ERROR] Missing sound file 'sound/warcraft3/pickupitem.wav'
L 05/15/2010 - 02:36:13: [ERROR] Missing sound file 'sound/warcraft3/Tomes.wav'
L 05/15/2010 - 02:36:13: [ERROR] Missing sound file 'sound/warcraft3/resurrecttarget.wav'
L 05/15/2010 - 02:36:13: [ERROR] Missing sound file 'sound/warcraft3/soundpack/reincarnation.wav'
L 05/15/2010 - 02:36:13: [ERROR] Missing sound file 'sound/warcraft3/antend.wav'
L 05/15/2010 - 02:36:13: [ERROR] Missing sound file 'sound/warcraft3/bonus/Error.wav'
L 05/15/2010 - 02:36:13: [ERROR] Missing sound file 'sound/warcraft3/DispelMagicTarget.wav'
L 05/15/2010 - 02:36:13: [ERROR] Missing sound file 'sound/warcraft3/SpellShieldImpact1.wav'
L 05/15/2010 - 02:36:17: [ERROR] Missing sound file 'sound/warcraft3/MiniSpiritPissed1.wav'
L 05/15/2010 - 02:36:17: [ERROR] Missing sound file 'sound/warcraft3/banishcaster.wav'
L 05/15/2010 - 02:36:17: [ERROR] Missing sound file 'sound/warcraft3/locustswarmloop.wav'
L 05/15/2010 - 02:36:17: [ERROR] Missing sound file 'sound/warcraft3/shadowstrikebirth.wav'
L 05/15/2010 - 02:36:17: [ERROR] Missing sound file 'sound/warcraft3/carrionswarmlaunch1.wav'
L 05/15/2010 - 02:36:17: [ERROR] Missing sound file 'sound/warcraft3/impalehit.wav'
L 05/15/2010 - 02:36:17: [ERROR] Missing sound file 'sound/warcraft3/divineshield.wav'
L 05/15/2010 - 02:36:17: [ERROR] Missing sound file 'sound/warcraft3/flamestriketargetwavenonloop1.wav'
L 05/15/2010 - 02:36:17: [ERROR] Missing sound file 'sound/warcraft3/entanglingrootstarget1.wav'
L 05/15/2010 - 02:36:17: [ERROR] Missing sound file 'sound/warcraft3/lightningbolt.wav'
L 05/15/2010 - 02:36:17: [ERROR] Missing sound file 'sound/warcraft3/massteleporttarget.wav'
L 05/15/2010 - 02:36:17: [ERROR] Missing sound file 'sound/warcraft3/blinkarrival.wav'
L 05/15/2010 - 02:36:17: [ERROR] Missing sound file 'sound/warcraft3/PurgeTarget1.wav'
L 05/15/2010 - 02:36:17: [ERROR] Missing sound file 'sound/warcraft3/PossessionMissileLaunch1.wav'
L 05/15/2010 - 02:36:17: [ERROR] Missing sound file 'sound/warcraft3/PossessionMissileHit1.wav'
L 05/15/2010 - 02:36:17: [ERROR] Missing sound file 'sound/warcraft3/PolymorphDone.wav'
L 05/15/2010 - 02:36:17: [ERROR] Missing sound file 'sound/warcraft3/ImmolationDecay1.wav'
L 05/15/2010 - 02:36:17: [ERROR] Missing sound file 'sound/warcraft3/levelupcaster.wav'
L 05/15/2010 - 02:36:17: [ERROR] Missing sound file 'sound/warcraft3/pickupitem.wav'
L 05/15/2010 - 02:36:17: [ERROR] Missing sound file 'sound/warcraft3/Tomes.wav'
L 05/15/2010 - 02:36:17: [ERROR] Missing sound file 'sound/warcraft3/resurrecttarget.wav'
L 05/15/2010 - 02:36:17: [ERROR] Missing sound file 'sound/warcraft3/soundpack/reincarnation.wav'
L 05/15/2010 - 02:36:17: [ERROR] Missing sound file 'sound/warcraft3/antend.wav'
L 05/15/2010 - 02:36:17: [ERROR] Missing sound file 'sound/warcraft3/bonus/Error.wav'
L 05/15/2010 - 02:36:17: [ERROR] Missing sound file 'sound/warcraft3/DispelMagicTarget.wav'
L 05/15/2010 - 02:36:17: [ERROR] Missing sound file 'sound/warcraft3/SpellShieldImpact1.wav'
L 05/15/2010 - 02:36:23: [ERROR] Missing sound file 'sound/warcraft3/MiniSpiritPissed1.wav'
L 05/15/2010 - 02:36:23: [ERROR] Missing sound file 'sound/warcraft3/banishcaster.wav'
L 05/15/2010 - 02:36:23: [ERROR] Missing sound file 'sound/warcraft3/locustswarmloop.wav'
L 05/15/2010 - 02:36:23: [ERROR] Missing sound file 'sound/warcraft3/shadowstrikebirth.wav'
L 05/15/2010 - 02:36:23: [ERROR] Missing sound file 'sound/warcraft3/carrionswarmlaunch1.wav'
L 05/15/2010 - 02:36:23: [ERROR] Missing sound file 'sound/warcraft3/impalehit.wav'
L 05/15/2010 - 02:36:23: [ERROR] Missing sound file 'sound/warcraft3/divineshield.wav'
L 05/15/2010 - 02:36:23: [ERROR] Missing sound file 'sound/warcraft3/flamestriketargetwavenonloop1.wav'
L 05/15/2010 - 02:36:23: [ERROR] Missing sound file 'sound/warcraft3/entanglingrootstarget1.wav'
L 05/15/2010 - 02:36:23: [ERROR] Missing sound file 'sound/warcraft3/lightningbolt.wav'
L 05/15/2010 - 02:36:23: [ERROR] Missing sound file 'sound/warcraft3/massteleporttarget.wav'
L 05/15/2010 - 02:36:23: [ERROR] Missing sound file 'sound/warcraft3/blinkarrival.wav'
L 05/15/2010 - 02:36:23: [ERROR] Missing sound file 'sound/warcraft3/PurgeTarget1.wav'
L 05/15/2010 - 02:36:23: [ERROR] Missing sound file 'sound/warcraft3/PossessionMissileLaunch1.wav'
L 05/15/2010 - 02:36:23: [ERROR] Missing sound file 'sound/warcraft3/PossessionMissileHit1.wav'
L 05/15/2010 - 02:36:23: [ERROR] Missing sound file 'sound/warcraft3/PolymorphDone.wav'
L 05/15/2010 - 02:36:23: [ERROR] Missing sound file 'sound/warcraft3/ImmolationDecay1.wav'
L 05/15/2010 - 02:36:23: [ERROR] Missing sound file 'sound/warcraft3/levelupcaster.wav'
L 05/15/2010 - 02:36:23: [ERROR] Missing sound file 'sound/warcraft3/pickupitem.wav'
L 05/15/2010 - 02:36:23: [ERROR] Missing sound file 'sound/warcraft3/Tomes.wav'
L 05/15/2010 - 02:36:23: [ERROR] Missing sound file 'sound/warcraft3/resurrecttarget.wav'
L 05/15/2010 - 02:36:23: [ERROR] Missing sound file 'sound/warcraft3/soundpack/reincarnation.wav'
L 05/15/2010 - 02:36:23: [ERROR] Missing sound file 'sound/warcraft3/antend.wav'
L 05/15/2010 - 02:36:23: [ERROR] Missing sound file 'sound/warcraft3/bonus/Error.wav'
L 05/15/2010 - 02:36:23: [ERROR] Missing sound file 'sound/warcraft3/DispelMagicTarget.wav'
L 05/15/2010 - 02:36:23: [ERROR] Missing sound file 'sound/warcraft3/SpellShieldImpact1.wav'
L 05/15/2010 - 02:37:54: ** Map de_inferno started, version: '3.0 RC13'
L 05/15/2010 - 02:38:07: ** Map de_dust2 started, version: '3.0 RC13'
L 05/15/2010 - 02:43:46: ** Map de_dust2 started, version: '3.0 RC13'
L 05/15/2010 - 02:46:18: ** Map 'de_dust2' ended
L 05/15/2010 - 02:46:20: ** Map de_airstrip started, version: '3.0 RC13'
L 05/15/2010 - 03:08:59: ** Map 'de_airstrip' ended
L 05/15/2010 - 03:09:03: ** Map de_airstrip started, version: '3.0 RC13'
L 05/15/2010 - 03:13:04: [ERROR] Missing sprite file 'sprites/warcraft3/level/a_level_11.spr'
L 05/15/2010 - 03:13:04: [ERROR] Missing sprite file 'sprites/warcraft3/level/a_level_12.spr'
L 05/15/2010 - 03:13:04: [ERROR] Missing sprite file 'sprites/warcraft3/level/a_level_13.spr'
L 05/15/2010 - 03:13:04: [ERROR] Missing sprite file 'sprites/warcraft3/level/a_level_14.spr'
L 05/15/2010 - 03:13:04: [ERROR] Missing sprite file 'sprites/warcraft3/level/a_level_15.spr'
L 05/15/2010 - 03:13:04: [ERROR] Missing sprite file 'sprites/warcraft3/level/a_level_16.spr'
L 05/15/2010 - 03:13:11: [ERROR] Missing sprite file 'sprites/warcraft3/level/a_level_11.spr'
L 05/15/2010 - 03:13:11: [ERROR] Missing sprite file 'sprites/warcraft3/level/a_level_12.spr'
L 05/15/2010 - 03:13:11: [ERROR] Missing sprite file 'sprites/warcraft3/level/a_level_13.spr'
L 05/15/2010 - 03:13:11: [ERROR] Missing sprite file 'sprites/warcraft3/level/a_level_14.spr'
L 05/15/2010 - 03:13:11: [ERROR] Missing sprite file 'sprites/warcraft3/level/a_level_15.spr'
L 05/15/2010 - 03:13:11: [ERROR] Missing sprite file 'sprites/warcraft3/level/a_level_16.spr'
L 05/15/2010 - 03:13:34: [ERROR] Missing sprite file 'sprites/warcraft3/level/a_level_11.spr'
L 05/15/2010 - 03:13:34: [ERROR] Missing sprite file 'sprites/warcraft3/level/a_level_12.spr'
L 05/15/2010 - 03:13:34: [ERROR] Missing sprite file 'sprites/warcraft3/level/a_level_13.spr'
L 05/15/2010 - 03:13:34: [ERROR] Missing sprite file 'sprites/warcraft3/level/a_level_14.spr'
L 05/15/2010 - 03:13:34: [ERROR] Missing sprite file 'sprites/warcraft3/level/a_level_15.spr'
L 05/15/2010 - 03:13:34: [ERROR] Missing sprite file 'sprites/warcraft3/level/a_level_16.spr'
L 05/15/2010 - 03:13:54: [ERROR] Missing sprite file 'sprites/warcraft3/level/a_level_11.spr'
L 05/15/2010 - 03:13:54: [ERROR] Missing sprite file 'sprites/warcraft3/level/a_level_12.spr'
L 05/15/2010 - 03:13:54: [ERROR] Missing sprite file 'sprites/warcraft3/level/a_level_13.spr'
L 05/15/2010 - 03:13:54: [ERROR] Missing sprite file 'sprites/warcraft3/level/a_level_14.spr'
L 05/15/2010 - 03:13:54: [ERROR] Missing sprite file 'sprites/warcraft3/level/a_level_15.spr'
L 05/15/2010 - 03:13:54: [ERROR] Missing sprite file 'sprites/warcraft3/level/a_level_16.spr'
L 05/15/2010 - 03:15:59: ** Map as_oilrig started, version: '3.0 RC13'
L 05/15/2010 - 03:20:17: ** Map 'as_oilrig' ended
L 05/15/2010 - 03:20:19: ** Map cs_assault started, version: '3.0 RC13'
L 05/15/2010 - 03:54:26: ** Map as_oilrig started, version: '3.0 RC13'
L 05/16/2010 - 10:37:14: ** Map de_dust2 started, version: '3.0 RC13'
L 05/16/2010 - 10:39:50: ** Map 'de_dust2' ended
L 05/16/2010 - 10:39:52: ** Map de_survivor started, version: '3.0 RC13'
L 05/16/2010 - 11:02:09: ** Map 'de_survivor' ended
L 05/16/2010 - 11:02:10: ** Map de_inferno started, version: '3.0 RC13'
L 05/16/2010 - 11:24:48: ** Map 'de_inferno' ended
L 05/16/2010 - 11:24:49: ** Map de_inferno started, version: '3.0 RC13'
L 05/16/2010 - 11:47:46: ** Map 'de_inferno' ended
L 05/16/2010 - 11:47:48: ** Map de_inferno started, version: '3.0 RC13'
L 05/16/2010 - 12:10:26: ** Map 'de_inferno' ended
L 05/16/2010 - 12:10:28: ** Map de_cbble started, version: '3.0 RC13'
L 05/16/2010 - 12:33:23: ** Map 'de_cbble' ended
L 05/16/2010 - 12:33:24: ** Map cs_italy started, version: '3.0 RC13'
L 05/16/2010 - 12:56:21: ** Map 'cs_italy' ended
L 05/16/2010 - 12:56:22: ** Map cs_italy started, version: '3.0 RC13'
L 05/16/2010 - 13:19:00: ** Map 'cs_italy' ended
L 05/16/2010 - 13:19:01: ** Map as_oilrig started, version: '3.0 RC13'
L 05/16/2010 - 13:41:05: ** Map 'as_oilrig' ended
L 05/16/2010 - 13:41:06: ** Map cs_militia started, version: '3.0 RC13'
L 05/16/2010 - 14:19:33: ** Map 'cs_militia' ended
L 05/16/2010 - 14:19:34: ** Map de_dust2 started, version: '3.0 RC13'
L 05/16/2010 - 14:23:11: ** Map 'de_dust2' ended
L 05/16/2010 - 17:12:34: ** Map 35hp_2 started, version: '3.0 RC13'
L 05/16/2010 - 17:45:45: ** Map '35hp_2' ended
L 05/16/2010 - 17:45:48: ** Map cs_estate started, version: '3.0 RC13'
L 05/16/2010 - 18:09:08: ** Map 'cs_estate' ended
L 05/16/2010 - 18:09:09: ** Map de_dust2_long started, version: '3.0 RC13'
L 05/16/2010 - 18:32:51: ** Map 'de_dust2_long' ended
L 05/16/2010 - 18:32:54: ** Map cs_office started, version: '3.0 RC13'
L 05/16/2010 - 18:57:33: ** Map 'cs_office' ended
L 05/16/2010 - 18:57:37: ** Map cs_assault started, version: '3.0 RC13'
L 05/16/2010 - 19:21:26: ** Map 'cs_assault' ended
L 05/16/2010 - 19:21:29: ** Map de_dust started, version: '3.0 RC13'
L 05/16/2010 - 19:46:12: ** Map 'de_dust' ended
L 05/16/2010 - 19:46:16: ** Map cs_italy started, version: '3.0 RC13'
L 05/16/2010 - 20:11:09: ** Map 'cs_italy' ended
L 05/16/2010 - 20:11:12: ** Map 35hp_4 started, version: '3.0 RC13'
L 05/16/2010 - 20:11:38: ** Map '35hp_4' ended
L 05/16/2010 - 20:11:40: ** Map cs_assault started, version: '3.0 RC13'
L 05/16/2010 - 20:18:21: ** Map 'cs_assault' ended
L 05/16/2010 - 20:18:23: ** Map 35hp_4 started, version: '3.0 RC13'
L 05/16/2010 - 20:18:54: [0] Invalid skill: -1 [3]
L 05/16/2010 - 20:22:33: ** Map '35hp_4' ended
L 05/16/2010 - 20:22:37: ** Map de_dust2_2x2 started, version: '3.0 RC13'
L 05/16/2010 - 20:22:51: ** Map 'de_dust2_2x2' ended
L 05/16/2010 - 20:22:54: ** Map surf_ski_2 started, version: '3.0 RC13'
L 05/16/2010 - 20:45:28: ** Map 'surf_ski_2' ended
L 05/16/2010 - 20:45:30: ** Map de_dust2_2x2 started, version: '3.0 RC13'
L 05/16/2010 - 21:24:27: ** Map 'de_dust2_2x2' ended
L 05/16/2010 - 21:24:29: ** Map cs_office started, version: '3.0 RC13'
L 05/16/2010 - 21:31:57: ** Map 35hp_2 started, version: '3.0 RC13'
L 05/16/2010 - 21:41:06: ** Map '35hp_2' ended
L 05/16/2010 - 21:41:08: ** Map 35hp_sw started, version: '3.0 RC13'
L 05/16/2010 - 22:04:57: ** Map '35hp_sw' ended
L 05/16/2010 - 22:04:59: ** Map de_aztec started, version: '3.0 RC13'
L 05/16/2010 - 22:41:36: ** Map de_dust2_1337 started, version: '3.0 RC13'
L 05/23/2010 - 13:13:23: ** Map de_aztec_old started, version: '3.0 RC13'
L 09/27/2014 - 06:46:42: ** Map aim_map started, version: '3.0 RC13'
L 09/27/2014 - 06:47:53: [0] Invalid skill: -1 [3]
L 09/27/2014 - 06:47:53: [0] Invalid skill: -1 [3]
L 09/27/2014 - 06:47:54: [0] Invalid skill: -1 [3]
L 09/27/2014 - 06:47:58: [0] Invalid skill: -1 [3]
L 09/27/2014 - 06:48:00: [0] Invalid skill: -1 [3]
L 09/27/2014 - 06:48:11: [0] Invalid skill: -1 [3]
L 09/27/2014 - 06:48:17: [0] Invalid skill: -1 [3]
L 09/27/2014 - 06:48:19: [0] Invalid skill: -1 [3]
L 09/27/2014 - 06:48:21: [0] Invalid skill: -1 [3]
L 09/27/2014 - 06:48:27: [0] Invalid skill: -1 [3]
L 09/27/2014 - 06:48:30: [0] Invalid skill: -1 [3]
L 09/27/2014 - 06:48:34: [0] Invalid skill: -1 [3]
L 09/27/2014 - 06:48:34: [0] Invalid skill: -1 [3]
L 09/27/2014 - 06:48:37: [0] Invalid skill: -1 [3]
L 09/27/2014 - 06:48:42: [0] Invalid skill: -1 [3]
L 09/27/2014 - 06:48:45: [0] Invalid skill: -1 [3]
L 09/27/2014 - 06:48:47: [0] Invalid skill: -1 [3]
L 09/27/2014 - 06:48:48: [0] Invalid skill: -1 [3]
L 09/27/2014 - 06:48:48: [0] Invalid skill: -1 [3]
L 09/27/2014 - 06:48:49: [0] Invalid skill: -1 [3]
L 09/27/2014 - 06:48:57: [0] Invalid skill: -1 [3]
L 09/27/2014 - 06:49:02: [0] Invalid skill: -1 [3]
L 09/27/2014 - 06:49:03: [0] Invalid skill: -1 [3]
L 09/27/2014 - 06:49:04: [0] Invalid skill: -1 [3]
L 09/27/2014 - 06:49:04: [0] Invalid skill: -1 [3]
L 09/27/2014 - 06:49:14: [0] Invalid skill: -1 [3]
L 09/27/2014 - 06:49:17: [0] Invalid skill: -1 [3]
L 09/27/2014 - 06:49:25: [0] Invalid skill: -1 [3]
L 09/27/2014 - 06:49:25: [0] Invalid skill: -1 [3]
L 09/27/2014 - 06:49:26: [0] Invalid skill: -1 [3]
L 09/27/2014 - 06:49:26: [0] Invalid skill: -1 [3]
L 09/27/2014 - 06:49:26: [0] Invalid skill: -1 [3]
L 09/27/2014 - 06:49:33: [0] Invalid skill: -1 [3]
L 09/27/2014 - 06:49:34: [0] Invalid skill: -1 [3]
L 09/27/2014 - 06:49:42: [0] Invalid skill: -1 [3]
L 09/27/2014 - 06:49:52: [0] Invalid skill: -1 [3]
L 09/27/2014 - 06:49:53: [0] Invalid skill: -1 [3]
L 09/27/2014 - 06:50:01: [0] Invalid skill: -1 [3]
L 09/27/2014 - 06:50:05: [0] Invalid skill: -1 [3]
L 09/27/2014 - 06:50:18: [0] Invalid skill: -1 [3]
L 09/27/2014 - 06:50:19: [0] Invalid skill: -1 [3]
L 09/27/2014 - 06:50:27: [0] Invalid skill: -1 [3]
L 09/27/2014 - 06:50:40: [0] Invalid skill: -1 [3]
L 09/27/2014 - 06:50:40: [0] Invalid skill: -1 [3]
L 09/27/2014 - 06:50:40: [0] Invalid skill: -1 [3]
L 09/27/2014 - 06:50:44: [0] Invalid skill: -1 [3]
L 09/27/2014 - 06:50:44: [0] Invalid skill: -1 [3]
L 09/27/2014 - 06:50:46: [0] Invalid skill: -1 [3]
L 09/27/2014 - 06:50:46: [0] Invalid skill: -1 [3]
L 09/27/2014 - 06:50:46: [0] Invalid skill: -1 [3]
L 09/27/2014 - 06:50:55: [0] Invalid skill: -1 [3]
L 09/27/2014 - 06:51:00: [0] Invalid skill: -1 [3]
L 09/27/2014 - 06:51:04: [0] Invalid skill: -1 [3]
L 09/27/2014 - 06:51:04: [0] Invalid skill: -1 [3]
L 09/27/2014 - 06:51:09: [0] Invalid skill: -1 [3]
L 09/27/2014 - 06:51:09: [0] Invalid skill: -1 [3]
L 09/27/2014 - 06:52:04: [0] Invalid skill: -1 [3]
L 09/27/2014 - 06:52:12: [0] Invalid skill: -1 [3]
L 09/27/2014 - 06:52:17: [0] Invalid skill: -1 [3]
L 09/27/2014 - 06:52:21: [0] Invalid skill: -1 [3]
L 09/27/2014 - 06:52:25: [0] Invalid skill: -1 [3]
L 09/27/2014 - 06:52:30: [0] Invalid skill: -1 [3]
L 09/27/2014 - 06:52:31: [0] Invalid skill: -1 [3]
L 09/27/2014 - 06:52:36: [0] Invalid skill: -1 [3]
L 09/27/2014 - 06:52:36: [0] Invalid skill: -1 [3]
L 09/27/2014 - 06:52:41: [0] Invalid skill: -1 [3]
L 09/27/2014 - 06:52:43: [0] Invalid skill: -1 [3]
L 09/27/2014 - 06:52:48: [0] Invalid skill: -1 [3]
L 09/27/2014 - 06:52:55: [0] Invalid skill: -1 [3]
L 09/27/2014 - 06:52:59: [0] Invalid skill: -1 [3]
L 09/27/2014 - 06:53:03: [0] Invalid skill: -1 [3]
L 09/27/2014 - 06:53:10: [0] Invalid skill: -1 [3]
L 09/27/2014 - 06:53:11: [0] Invalid skill: -1 [3]
L 09/27/2014 - 06:53:13: [0] Invalid skill: -1 [3]
L 09/27/2014 - 06:53:29: [0] Invalid skill: -1 [3]
L 09/27/2014 - 06:53:30: [0] Invalid skill: -1 [3]
L 09/27/2014 - 06:53:31: [0] Invalid skill: -1 [3]
L 09/27/2014 - 06:53:36: [0] Invalid skill: -1 [3]
L 09/27/2014 - 06:53:42: [0] Invalid skill: -1 [3]
L 09/27/2014 - 06:53:42: [0] Invalid skill: -1 [3]
L 09/27/2014 - 06:53:42: [0] Invalid skill: -1 [3]
L 09/27/2014 - 06:53:42: [0] Invalid skill: -1 [3]
L 09/27/2014 - 06:53:42: [0] Invalid skill: -1 [3]
L 09/27/2014 - 06:53:45: [0] Invalid skill: -1 [3]
L 09/27/2014 - 06:53:46: [0] Invalid skill: -1 [3]
L 09/27/2014 - 06:53:52: [0] Invalid skill: -1 [3]
L 09/27/2014 - 06:53:52: [0] Invalid skill: -1 [3]
L 09/27/2014 - 06:53:55: [0] Invalid skill: -1 [3]
L 09/27/2014 - 06:54:01: [0] Invalid skill: -1 [3]
L 09/27/2014 - 06:54:06: [0] Invalid skill: -1 [3]
L 09/27/2014 - 06:54:07: [0] Invalid skill: -1 [3]
L 09/27/2014 - 06:54:07: [0] Invalid skill: -1 [3]
L 09/27/2014 - 06:54:18: [0] Invalid skill: -1 [3]
L 09/27/2014 - 06:54:22: [0] Invalid skill: -1 [3]
L 09/27/2014 - 06:54:29: [0] Invalid skill: -1 [3]
L 09/27/2014 - 06:54:42: [0] Invalid skill: -1 [3]
L 09/27/2014 - 06:54:43: [0] Invalid skill: -1 [3]
L 09/27/2014 - 06:54:43: [0] Invalid skill: -1 [3]
L 09/27/2014 - 06:54:47: [0] Invalid skill: -1 [3]
L 09/27/2014 - 06:54:51: [0] Invalid skill: -1 [3]
L 09/27/2014 - 06:54:54: [0] Invalid skill: -1 [3]
L 09/27/2014 - 06:54:56: [0] Invalid skill: -1 [3]
L 09/27/2014 - 06:55:04: [0] Invalid skill: -1 [3]
L 09/27/2014 - 06:55:05: [0] Invalid skill: -1 [3]
L 09/27/2014 - 06:55:07: [0] Invalid skill: -1 [3]
L 09/27/2014 - 06:55:19: [0] Invalid skill: -1 [3]
L 09/27/2014 - 06:55:31: [0] Invalid skill: -1 [3]
L 09/27/2014 - 06:55:31: [0] Invalid skill: -1 [3]
L 09/27/2014 - 06:55:32: [0] Invalid skill: -1 [3]
L 09/27/2014 - 06:55:35: [0] Invalid skill: -1 [3]
L 09/27/2014 - 06:55:38: [0] Invalid skill: -1 [3]
L 09/27/2014 - 06:55:39: [0] Invalid skill: -1 [3]
L 09/27/2014 - 06:55:52: [0] Invalid skill: -1 [3]
L 09/27/2014 - 06:55:52: [0] Invalid skill: -1 [3]
L 09/27/2014 - 06:55:58: [0] Invalid skill: -1 [3]
L 09/27/2014 - 06:55:59: [0] Invalid skill: -1 [3]
L 09/27/2014 - 06:56:04: [0] Invalid skill: -1 [3]
L 09/27/2014 - 06:56:05: [0] Invalid skill: -1 [3]
L 09/27/2014 - 06:56:09: [0] Invalid skill: -1 [3]
L 09/27/2014 - 06:56:16: [0] Invalid skill: -1 [3]
L 09/27/2014 - 06:56:17: [0] Invalid skill: -1 [3]
L 09/27/2014 - 06:56:23: [0] Invalid skill: -1 [3]
L 09/27/2014 - 06:56:34: [0] Invalid skill: -1 [3]
L 09/27/2014 - 06:56:35: [0] Invalid skill: -1 [3]
L 09/27/2014 - 06:56:39: [0] Invalid skill: -1 [3]
L 09/27/2014 - 06:56:57: [0] Invalid skill: -1 [3]
L 09/27/2014 - 06:57:20: [0] Invalid skill: -1 [3]
L 09/27/2014 - 06:57:26: [0] Invalid skill: -1 [3]
L 09/27/2014 - 06:57:29: [0] Invalid skill: -1 [3]
L 09/27/2014 - 06:57:30: [0] Invalid skill: -1 [3]
L 09/27/2014 - 06:57:33: [0] Invalid skill: -1 [3]
L 09/27/2014 - 06:57:46: [0] Invalid skill: -1 [3]
L 09/27/2014 - 06:57:51: [0] Invalid skill: -1 [3]
L 09/27/2014 - 06:57:52: [0] Invalid skill: -1 [3]
L 09/27/2014 - 06:57:52: [0] Invalid skill: -1 [3]
L 09/27/2014 - 06:57:54: [0] Invalid skill: -1 [3]
L 09/27/2014 - 06:58:07: [0] Invalid skill: -1 [3]
L 09/27/2014 - 06:58:16: [0] Invalid skill: -1 [3]
L 09/27/2014 - 06:58:25: [0] Invalid skill: -1 [3]
L 09/27/2014 - 06:58:28: [0] Invalid skill: -1 [3]
L 09/27/2014 - 06:58:52: [0] Invalid skill: -1 [3]
L 09/27/2014 - 06:58:56: [0] Invalid skill: -1 [3]
L 09/27/2014 - 06:59:02: [0] Invalid skill: -1 [3]
L 09/27/2014 - 06:59:04: [0] Invalid skill: -1 [3]
L 09/27/2014 - 06:59:09: [0] Invalid skill: -1 [3]
L 09/27/2014 - 06:59:10: [0] Invalid skill: -1 [3]
L 09/27/2014 - 06:59:18: [0] Invalid skill: -1 [3]
L 09/27/2014 - 06:59:19: [0] Invalid skill: -1 [3]
L 09/27/2014 - 06:59:19: [0] Invalid skill: -1 [3]
L 09/27/2014 - 06:59:21: [0] Invalid skill: -1 [3]
L 09/27/2014 - 06:59:23: [0] Invalid skill: -1 [3]
L 09/27/2014 - 06:59:23: [0] Invalid skill: -1 [3]
L 09/27/2014 - 06:59:23: [0] Invalid skill: -1 [3]
L 09/27/2014 - 06:59:29: [0] Invalid skill: -1 [3]
L 09/27/2014 - 06:59:29: [0] Invalid skill: -1 [3]
L 09/27/2014 - 06:59:29: [0] Invalid skill: -1 [3]
L 09/27/2014 - 06:59:29: [0] Invalid skill: -1 [3]
L 09/27/2014 - 06:59:29: [0] Invalid skill: -1 [3]
L 09/27/2014 - 06:59:32: [0] Invalid skill: -1 [3]
L 09/27/2014 - 06:59:35: [0] Invalid skill: -1 [3]
L 09/27/2014 - 06:59:43: [0] Invalid skill: -1 [3]
L 09/27/2014 - 06:59:47: [0] Invalid skill: -1 [3]
L 09/27/2014 - 06:59:48: [0] Invalid skill: -1 [3]
L 09/27/2014 - 06:59:49: [0] Invalid skill: -1 [3]
L 09/27/2014 - 06:59:55: [0] Invalid skill: -1 [3]
L 09/27/2014 - 06:59:55: [0] Invalid skill: -1 [3]
L 09/27/2014 - 06:59:57: [0] Invalid skill: -1 [3]
L 09/27/2014 - 07:00:01: [0] Invalid skill: -1 [3]
L 09/27/2014 - 07:00:07: [0] Invalid skill: -1 [3]
L 09/27/2014 - 07:00:08: [0] Invalid skill: -1 [3]
L 09/27/2014 - 07:00:08: [0] Invalid skill: -1 [3]
L 09/27/2014 - 07:00:13: [0] Invalid skill: -1 [3]
L 09/27/2014 - 07:00:16: [0] Invalid skill: -1 [3]
L 09/27/2014 - 07:00:26: [0] Invalid skill: -1 [3]
L 09/27/2014 - 07:00:40: [0] Invalid skill: -1 [3]
L 09/27/2014 - 07:00:44: [0] Invalid skill: -1 [3]
L 09/27/2014 - 07:00:48: [0] Invalid skill: -1 [3]
L 09/27/2014 - 07:00:48: [0] Invalid skill: -1 [3]
L 09/27/2014 - 07:00:49: [0] Invalid skill: -1 [3]
L 09/27/2014 - 07:00:50: [0] Invalid skill: -1 [3]
L 09/27/2014 - 07:01:04: [0] Invalid skill: -1 [3]
L 09/27/2014 - 07:01:17: [0] Invalid skill: -1 [3]
L 09/27/2014 - 07:01:19: [0] Invalid skill: -1 [3]
L 09/27/2014 - 07:01:37: [0] Invalid skill: -1 [3]
L 09/27/2014 - 07:01:40: [0] Invalid skill: -1 [3]
L 09/27/2014 - 07:01:40: [0] Invalid skill: -1 [3]
L 09/27/2014 - 07:01:40: [0] Invalid skill: -1 [3]
L 09/27/2014 - 07:01:46: [0] Invalid skill: -1 [3]
L 09/27/2014 - 07:01:52: [0] Invalid skill: -1 [3]
L 09/27/2014 - 07:01:56: [0] Invalid skill: -1 [3]
L 09/27/2014 - 07:01:56: [0] Invalid skill: -1 [3]
L 09/27/2014 - 07:01:58: [0] Invalid skill: -1 [3]
L 09/27/2014 - 07:02:05: [0] Invalid skill: -1 [3]
L 09/27/2014 - 07:02:05: [0] Invalid skill: -1 [3]
L 09/27/2014 - 07:02:06: [0] Invalid skill: -1 [3]
L 09/27/2014 - 07:02:06: [0] Invalid skill: -1 [3]
L 09/27/2014 - 07:02:12: [0] Invalid skill: -1 [3]
L 09/27/2014 - 07:02:13: [0] Invalid skill: -1 [3]
L 09/27/2014 - 07:02:14: [0] Invalid skill: -1 [3]
L 09/27/2014 - 07:02:20: [0] Invalid skill: -1 [3]
L 09/27/2014 - 07:02:20: [0] Invalid skill: -1 [3]
L 09/27/2014 - 07:02:21: [0] Invalid skill: -1 [3]
L 09/27/2014 - 07:02:25: [0] Invalid skill: -1 [3]
L 09/27/2014 - 07:02:30: [0] Invalid skill: -1 [3]
L 09/27/2014 - 07:02:30: [0] Invalid skill: -1 [3]
L 09/27/2014 - 07:02:30: [0] Invalid skill: -1 [3]
L 09/27/2014 - 07:02:37: [0] Invalid skill: -1 [3]
L 09/27/2014 - 07:02:41: [0] Invalid skill: -1 [3]
L 09/27/2014 - 07:02:42: [0] Invalid skill: -1 [3]
L 09/27/2014 - 07:02:42: [0] Invalid skill: -1 [3]
L 09/27/2014 - 07:02:44: [0] Invalid skill: -1 [3]
L 09/27/2014 - 07:02:50: [0] Invalid skill: -1 [3]
L 09/27/2014 - 07:02:51: [0] Invalid skill: -1 [3]
L 09/27/2014 - 07:02:51: [0] Invalid skill: -1 [3]
L 09/27/2014 - 07:02:57: [0] Invalid skill: -1 [3]
L 09/27/2014 - 07:02:58: [0] Invalid skill: -1 [3]
L 09/27/2014 - 07:03:05: [0] Invalid skill: -1 [3]
L 09/27/2014 - 07:03:06: [0] Invalid skill: -1 [3]
L 09/27/2014 - 07:03:09: [0] Invalid skill: -1 [3]
L 09/27/2014 - 07:03:14: [0] Invalid skill: -1 [3]
L 09/27/2014 - 07:03:22: [0] Invalid skill: -1 [3]
L 09/27/2014 - 07:03:30: [0] Invalid skill: -1 [3]
L 09/27/2014 - 07:03:34: [0] Invalid skill: -1 [3]
L 09/27/2014 - 07:03:35: [0] Invalid skill: -1 [3]
L 09/27/2014 - 07:03:38: [0] Invalid skill: -1 [3]
L 09/27/2014 - 07:03:38: [0] Invalid skill: -1 [3]
L 09/27/2014 - 07:03:51: [0] Invalid skill: -1 [3]
L 09/27/2014 - 07:03:51: [0] Invalid skill: -1 [3]
L 09/27/2014 - 07:03:56: [0] Invalid skill: -1 [3]
L 09/27/2014 - 07:03:57: [0] Invalid skill: -1 [3]
L 09/27/2014 - 07:03:57: [0] Invalid skill: -1 [3]
L 09/27/2014 - 07:03:58: [0] Invalid skill: -1 [3]
L 09/27/2014 - 07:04:02: [0] Invalid skill: -1 [3]
L 09/27/2014 - 07:04:06: [0] Invalid skill: -1 [3]
L 09/27/2014 - 07:04:07: [0] Invalid skill: -1 [3]
L 09/27/2014 - 07:04:08: [0] Invalid skill: -1 [3]
L 09/27/2014 - 07:04:12: [0] Invalid skill: -1 [3]
L 09/27/2014 - 07:04:16: [0] Invalid skill: -1 [3]
L 09/27/2014 - 07:04:19: [0] Invalid skill: -1 [3]
L 09/27/2014 - 07:04:19: [0] Invalid skill: -1 [3]
L 09/27/2014 - 07:04:21: [0] Invalid skill: -1 [3]
L 09/27/2014 - 07:04:24: [0] Invalid skill: -1 [3]
L 09/27/2014 - 07:04:24: [0] Invalid skill: -1 [3]
L 09/27/2014 - 07:04:38: [0] Invalid skill: -1 [3]
L 09/27/2014 - 07:04:41: [0] Invalid skill: -1 [3]
L 09/27/2014 - 07:04:42: [0] Invalid skill: -1 [3]
L 09/27/2014 - 07:04:44: [0] Invalid skill: -1 [3]
L 09/27/2014 - 07:04:54: [0] Invalid skill: -1 [3]
L 09/27/2014 - 07:04:55: [0] Invalid skill: -1 [3]
L 09/27/2014 - 07:04:58: [0] Invalid skill: -1 [3]
L 09/27/2014 - 07:05:01: [0] Invalid skill: -1 [3]
L 09/27/2014 - 07:05:08: [0] Invalid skill: -1 [3]
L 09/27/2014 - 07:05:18: [0] Invalid skill: -1 [3]
L 09/27/2014 - 07:05:18: [0] Invalid skill: -1 [3]
L 09/27/2014 - 07:05:23: [0] Invalid skill: -1 [3]
L 09/27/2014 - 07:05:24: [0] Invalid skill: -1 [3]
L 09/27/2014 - 07:05:27: [0] Invalid skill: -1 [3]
L 09/27/2014 - 07:05:27: [0] Invalid skill: -1 [3]
L 09/27/2014 - 07:05:30: [0] Invalid skill: -1 [3]
L 09/27/2014 - 07:05:35: [0] Invalid skill: -1 [3]
L 09/27/2014 - 07:05:36: [0] Invalid skill: -1 [3]
L 09/27/2014 - 07:05:45: [0] Invalid skill: -1 [3]
L 09/27/2014 - 07:05:47: [0] Invalid skill: -1 [3]
L 09/27/2014 - 07:05:51: [0] Invalid skill: -1 [3]
L 09/27/2014 - 07:05:54: [0] Invalid skill: -1 [3]
L 09/27/2014 - 07:05:54: [0] Invalid skill: -1 [3]
L 09/27/2014 - 07:05:56: [0] Invalid skill: -1 [3]
L 09/27/2014 - 07:06:00: [0] Invalid skill: -1 [3]
L 09/27/2014 - 07:06:03: [0] Invalid skill: -1 [3]
L 09/27/2014 - 07:06:04: [0] Invalid skill: -1 [3]
L 09/27/2014 - 07:06:11: [0] Invalid skill: -1 [3]
L 09/27/2014 - 07:06:11: [0] Invalid skill: -1 [3]
L 09/27/2014 - 07:06:19: [0] Invalid skill: -1 [3]
L 09/27/2014 - 07:06:19: [0] Invalid skill: -1 [3]
L 09/27/2014 - 07:06:28: [0] Invalid skill: -1 [3]
L 09/27/2014 - 07:06:37: [0] Invalid skill: -1 [3]
L 09/27/2014 - 07:06:37: [0] Invalid skill: -1 [3]
L 09/27/2014 - 07:06:38: [0] Invalid skill: -1 [3]
L 09/27/2014 - 07:07:02: [0] Invalid skill: -1 [3]
L 09/27/2014 - 07:07:10: [0] Invalid skill: -1 [3]
L 09/27/2014 - 07:07:13: [0] Invalid skill: -1 [3]
L 09/27/2014 - 07:07:13: [0] Invalid skill: -1 [3]
L 09/27/2014 - 07:07:18: [0] Invalid skill: -1 [3]
L 09/27/2014 - 07:07:18: [0] Invalid skill: -1 [3]
L 09/27/2014 - 07:07:24: [0] Invalid skill: -1 [3]
L 09/27/2014 - 07:07:24: [0] Invalid skill: -1 [3]
L 09/27/2014 - 07:07:25: [0] Invalid skill: -1 [3]
L 09/27/2014 - 07:07:27: [0] Invalid skill: -1 [3]
L 09/27/2014 - 07:07:38: [0] Invalid skill: -1 [3]
L 09/27/2014 - 07:07:38: [0] Invalid skill: -1 [3]
L 09/27/2014 - 07:07:38: [0] Invalid skill: -1 [3]
L 09/27/2014 - 07:07:38: [0] Invalid skill: -1 [3]
L 09/27/2014 - 07:07:40: [0] Invalid skill: -1 [3]
L 09/27/2014 - 07:07:50: [0] Invalid skill: -1 [3]
L 09/27/2014 - 07:07:54: [0] Invalid skill: -1 [3]
L 09/27/2014 - 07:08:06: [0] Invalid skill: -1 [3]
L 09/27/2014 - 07:08:10: [0] Invalid skill: -1 [3]
L 09/27/2014 - 07:08:21: [0] Invalid skill: -1 [3]
L 09/27/2014 - 07:08:25: [0] Invalid skill: -1 [3]
L 09/27/2014 - 07:08:30: [0] Invalid skill: -1 [3]
L 09/27/2014 - 07:08:30: [0] Invalid skill: -1 [3]
L 09/27/2014 - 07:08:30: [0] Invalid skill: -1 [3]
L 09/27/2014 - 07:08:41: [0] Invalid skill: -1 [3]
L 09/27/2014 - 07:08:42: [0] Invalid skill: -1 [3]
L 09/27/2014 - 07:08:46: [0] Invalid skill: -1 [3]
L 09/27/2014 - 07:08:50: [0] Invalid skill: -1 [3]
L 09/27/2014 - 07:09:00: [0] Invalid skill: -1 [3]
L 09/27/2014 - 07:09:01: [0] Invalid skill: -1 [3]
L 09/27/2014 - 07:09:01: [0] Invalid skill: -1 [3]
L 09/27/2014 - 07:09:07: [0] Invalid skill: -1 [3]
L 09/27/2014 - 07:09:07: [0] Invalid skill: -1 [3]
L 09/27/2014 - 07:09:08: [0] Invalid skill: -1 [3]
L 09/27/2014 - 07:09:15: [0] Invalid skill: -1 [3]
L 09/27/2014 - 07:09:16: [0] Invalid skill: -1 [3]
L 09/27/2014 - 07:09:19: [0] Invalid skill: -1 [3]
L 09/27/2014 - 07:09:20: [0] Invalid skill: -1 [3]
L 09/27/2014 - 07:09:26: [0] Invalid skill: -1 [3]
L 09/27/2014 - 07:09:27: [0] Invalid skill: -1 [3]
L 09/27/2014 - 07:09:40: [0] Invalid skill: -1 [3]
L 09/27/2014 - 07:09:49: [0] Invalid skill: -1 [3]
L 09/27/2014 - 07:09:49: [0] Invalid skill: -1 [3]
L 09/27/2014 - 07:09:51: [0] Invalid skill: -1 [3]
L 09/27/2014 - 07:09:55: [0] Invalid skill: -1 [3]
L 09/27/2014 - 07:10:02: [0] Invalid skill: -1 [3]
L 09/27/2014 - 07:10:08: [0] Invalid skill: -1 [3]
L 09/27/2014 - 07:10:08: [0] Invalid skill: -1 [3]
L 09/27/2014 - 07:10:09: [0] Invalid skill: -1 [3]
L 09/27/2014 - 07:10:09: [0] Invalid skill: -1 [3]
L 09/27/2014 - 07:10:13: [0] Invalid skill: -1 [3]
L 09/27/2014 - 07:10:16: [0] Invalid skill: -1 [3]
L 09/27/2014 - 07:10:28: [0] Invalid skill: -1 [3]
L 09/27/2014 - 07:10:31: [0] Invalid skill: -1 [3]
L 09/27/2014 - 07:10:34: [0] Invalid skill: -1 [3]
L 09/27/2014 - 07:10:40: [0] Invalid skill: -1 [3]
L 09/27/2014 - 07:10:41: [0] Invalid skill: -1 [3]
L 09/27/2014 - 07:10:46: [0] Invalid skill: -1 [3]
L 09/27/2014 - 07:10:47: [0] Invalid skill: -1 [3]
L 09/27/2014 - 07:10:50: [0] Invalid skill: -1 [3]
L 09/27/2014 - 07:10:51: [0] Invalid skill: -1 [3]
L 09/27/2014 - 07:10:57: [0] Invalid skill: -1 [3]
L 09/27/2014 - 07:10:59: [0] Invalid skill: -1 [3]
L 09/27/2014 - 07:11:05: [0] Invalid skill: -1 [3]
L 09/27/2014 - 07:11:05: [0] Invalid skill: -1 [3]
L 09/27/2014 - 07:11:11: [0] Invalid skill: -1 [3]
L 09/27/2014 - 07:11:11: [0] Invalid skill: -1 [3]
L 09/27/2014 - 07:11:20: [0] Invalid skill: -1 [3]
L 09/27/2014 - 07:11:20: [0] Invalid skill: -1 [3]
L 09/27/2014 - 07:11:21: [0] Invalid skill: -1 [3]
L 09/27/2014 - 07:11:39: [0] Invalid skill: -1 [3]
L 09/27/2014 - 07:11:41: [0] Invalid skill: -1 [3]
L 09/27/2014 - 07:11:45: [0] Invalid skill: -1 [3]
L 09/27/2014 - 07:11:49: [0] Invalid skill: -1 [3]
L 09/27/2014 - 07:11:52: [0] Invalid skill: -1 [3]
L 09/27/2014 - 07:11:53: [0] Invalid skill: -1 [3]
L 09/27/2014 - 07:12:04: [0] Invalid skill: -1 [3]
L 09/27/2014 - 07:12:21: [0] Invalid skill: -1 [3]
L 09/27/2014 - 07:12:22: [0] Invalid skill: -1 [3]
L 09/27/2014 - 07:12:22: [0] Invalid skill: -1 [3]
L 09/27/2014 - 07:12:22: [0] Invalid skill: -1 [3]
L 09/27/2014 - 07:12:31: [0] Invalid skill: -1 [3]
L 09/27/2014 - 07:12:48: [0] Invalid skill: -1 [3]
L 09/27/2014 - 07:13:01: [0] Invalid skill: -1 [3]
L 09/27/2014 - 07:13:05: [0] Invalid skill: -1 [3]
L 09/27/2014 - 07:13:05: [0] Invalid skill: -1 [3]
L 09/27/2014 - 07:13:06: [0] Invalid skill: -1 [3]
L 09/27/2014 - 07:13:06: [0] Invalid skill: -1 [3]
L 09/27/2014 - 07:13:06: [0] Invalid skill: -1 [3]
L 09/27/2014 - 07:13:21: [0] Invalid skill: -1 [3]
L 09/27/2014 - 07:13:25: [0] Invalid skill: -1 [3]
L 09/27/2014 - 07:13:25: [0] Invalid skill: -1 [3]
L 09/27/2014 - 07:13:25: [0] Invalid skill: -1 [3]
L 09/27/2014 - 07:13:27: [0] Invalid skill: -1 [3]
L 09/27/2014 - 07:13:41: [0] Invalid skill: -1 [3]
L 09/27/2014 - 07:13:52: [0] Invalid skill: -1 [3]
L 09/27/2014 - 07:13:52: [0] Invalid skill: -1 [3]
L 09/27/2014 - 07:14:01: [0] Invalid skill: -1 [3]
L 09/27/2014 - 07:14:13: [0] Invalid skill: -1 [3]
L 09/27/2014 - 07:14:14: [0] Invalid skill: -1 [3]
L 09/27/2014 - 07:14:16: [0] Invalid skill: -1 [3]
L 09/27/2014 - 07:14:24: [0] Invalid skill: -1 [3]
L 09/27/2014 - 07:14:29: [0] Invalid skill: -1 [3]
L 09/27/2014 - 07:14:29: [0] Invalid skill: -1 [3]
L 09/27/2014 - 07:14:31: [0] Invalid skill: -1 [3]
L 09/27/2014 - 07:14:34: [0] Invalid skill: -1 [3]
L 09/27/2014 - 07:14:34: [0] Invalid skill: -1 [3]
L 09/27/2014 - 07:14:45: [0] Invalid skill: -1 [3]
L 09/27/2014 - 07:14:54: [0] Invalid skill: -1 [3]
L 09/27/2014 - 07:14:55: [0] Invalid skill: -1 [3]
L 09/27/2014 - 07:14:56: [0] Invalid skill: -1 [3]
L 09/27/2014 - 07:14:57: [0] Invalid skill: -1 [3]
L 09/27/2014 - 07:14:59: [0] Invalid skill: -1 [3]
L 09/27/2014 - 07:15:08: [0] Invalid skill: -1 [3]
L 09/27/2014 - 07:15:12: [0] Invalid skill: -1 [3]
L 09/27/2014 - 07:15:12: [0] Invalid skill: -1 [3]
L 09/27/2014 - 07:15:14: [0] Invalid skill: -1 [3]
L 09/27/2014 - 07:15:35: [0] Invalid skill: -1 [3]
L 09/27/2014 - 07:15:45: [0] Invalid skill: -1 [3]
L 09/27/2014 - 07:15:49: [0] Invalid skill: -1 [3]
L 09/27/2014 - 07:15:50: [0] Invalid skill: -1 [3]
L 09/27/2014 - 07:15:50: [0] Invalid skill: -1 [3]
L 09/27/2014 - 07:15:51: [0] Invalid skill: -1 [3]
L 09/27/2014 - 07:15:52: [0] Invalid skill: -1 [3]
L 09/27/2014 - 07:15:54: [0] Invalid skill: -1 [3]
L 09/27/2014 - 07:15:59: [0] Invalid skill: -1 [3]
L 09/27/2014 - 07:16:05: [0] Invalid skill: -1 [3]
L 09/27/2014 - 07:16:07: [0] Invalid skill: -1 [3]
L 09/27/2014 - 07:16:07: [0] Invalid skill: -1 [3]
L 09/27/2014 - 07:16:17: [0] Invalid skill: -1 [3]
L 09/27/2014 - 07:16:24: [0] Invalid skill: -1 [3]
L 09/27/2014 - 07:16:26: [0] Invalid skill: -1 [3]
L 09/27/2014 - 07:16:26: [0] Invalid skill: -1 [3]
L 09/27/2014 - 07:16:39: [0] Invalid skill: -1 [3]
L 09/27/2014 - 07:16:47: [0] Invalid skill: -1 [3]
L 09/27/2014 - 07:16:52: [0] Invalid skill: -1 [3]
L 09/27/2014 - 07:16:53: [0] Invalid skill: -1 [3]
L 09/27/2014 - 07:16:55: [0] Invalid skill: -1 [3]
L 09/27/2014 - 07:17:04: [0] Invalid skill: -1 [3]
L 09/27/2014 - 07:17:11: [0] Invalid skill: -1 [3]
L 09/27/2014 - 07:17:12: [0] Invalid skill: -1 [3]
L 09/27/2014 - 07:17:20: [0] Invalid skill: -1 [3]
L 09/27/2014 - 07:17:20: [0] Invalid skill: -1 [3]
L 09/27/2014 - 07:17:24: [0] Invalid skill: -1 [3]
L 09/27/2014 - 07:17:31: [0] Invalid skill: -1 [3]
L 09/27/2014 - 07:17:35: [0] Invalid skill: -1 [3]
L 09/27/2014 - 07:17:40: [0] Invalid skill: -1 [3]
L 09/27/2014 - 07:17:44: [0] Invalid skill: -1 [3]
L 09/27/2014 - 07:17:46: [0] Invalid skill: -1 [3]
L 09/27/2014 - 07:17:49: [0] Invalid skill: -1 [3]
L 09/27/2014 - 07:17:51: [0] Invalid skill: -1 [3]
L 09/27/2014 - 07:17:53: [0] Invalid skill: -1 [3]
L 09/27/2014 - 07:17:55: [0] Invalid skill: -1 [3]
L 09/27/2014 - 07:17:55: [0] Invalid skill: -1 [3]
L 09/27/2014 - 07:18:05: [0] Invalid skill: -1 [3]
L 09/27/2014 - 07:18:07: [0] Invalid skill: -1 [3]
L 09/27/2014 - 07:18:09: [0] Invalid skill: -1 [3]
L 09/27/2014 - 07:18:18: [0] Invalid skill: -1 [3]
L 09/27/2014 - 07:18:20: [0] Invalid skill: -1 [3]
L 09/27/2014 - 07:18:21: [0] Invalid skill: -1 [3]
L 09/27/2014 - 07:18:24: [0] Invalid skill: -1 [3]
L 09/27/2014 - 07:18:25: [0] Invalid skill: -1 [3]
L 09/27/2014 - 07:18:30: [0] Invalid skill: -1 [3]
L 09/27/2014 - 07:18:40: [0] Invalid skill: -1 [3]
L 09/27/2014 - 07:18:41: [0] Invalid skill: -1 [3]
L 09/27/2014 - 07:18:47: [0] Invalid skill: -1 [3]
L 09/27/2014 - 07:18:54: [0] Invalid skill: -1 [3]
L 09/27/2014 - 07:19:01: [0] Invalid skill: -1 [3]
L 09/27/2014 - 07:19:07: [0] Invalid skill: -1 [3]
L 09/27/2014 - 07:19:17: [0] Invalid skill: -1 [3]
L 09/27/2014 - 07:19:20: [0] Invalid skill: -1 [3]
L 09/27/2014 - 07:19:20: [0] Invalid skill: -1 [3]
L 09/27/2014 - 07:19:24: [0] Invalid skill: -1 [3]
L 09/27/2014 - 07:19:29: [0] Invalid skill: -1 [3]
L 09/27/2014 - 07:19:31: [0] Invalid skill: -1 [3]
L 09/27/2014 - 07:19:36: [0] Invalid skill: -1 [3]
L 09/27/2014 - 07:19:36: [0] Invalid skill: -1 [3]
L 09/27/2014 - 07:19:38: [0] Invalid skill: -1 [3]
L 09/27/2014 - 07:19:48: [0] Invalid skill: -1 [3]
L 09/27/2014 - 07:19:50: [0] Invalid skill: -1 [3]
L 09/27/2014 - 07:19:59: [0] Invalid skill: -1 [3]
L 09/27/2014 - 07:20:06: [0] Invalid skill: -1 [3]
L 09/27/2014 - 07:20:08: [0] Invalid skill: -1 [3]
L 09/27/2014 - 07:20:09: [0] Invalid skill: -1 [3]
L 09/27/2014 - 07:20:11: [0] Invalid skill: -1 [3]
L 09/27/2014 - 07:20:13: [0] Invalid skill: -1 [3]
L 09/27/2014 - 07:20:17: [0] Invalid skill: -1 [3]
L 09/27/2014 - 07:20:17: [0] Invalid skill: -1 [3]
L 09/27/2014 - 07:20:17: [0] Invalid skill: -1 [3]
L 09/27/2014 - 07:20:29: [0] Invalid skill: -1 [3]
L 09/27/2014 - 07:20:30: [0] Invalid skill: -1 [3]
L 09/27/2014 - 07:20:30: [0] Invalid skill: -1 [3]
L 09/27/2014 - 07:20:43: [0] Invalid skill: -1 [3]
L 09/27/2014 - 07:20:44: [0] Invalid skill: -1 [3]
L 09/27/2014 - 07:20:54: [0] Invalid skill: -1 [3]
L 09/27/2014 - 07:20:54: [0] Invalid skill: -1 [3]
L 09/27/2014 - 07:21:05: [0] Invalid skill: -1 [3]
L 09/27/2014 - 07:21:06: [0] Invalid skill: -1 [3]
L 09/27/2014 - 07:21:06: [0] Invalid skill: -1 [3]
L 09/27/2014 - 07:21:15: [0] Invalid skill: -1 [3]
L 09/27/2014 - 07:21:20: [0] Invalid skill: -1 [3]
L 09/27/2014 - 07:21:20: [0] Invalid skill: -1 [3]
L 09/27/2014 - 07:21:27: [0] Invalid skill: -1 [3]
L 09/27/2014 - 07:21:38: [0] Invalid skill: -1 [3]
L 09/27/2014 - 07:21:39: [0] Invalid skill: -1 [3]
L 09/27/2014 - 07:21:39: [0] Invalid skill: -1 [3]
L 09/27/2014 - 07:21:42: [0] Invalid skill: -1 [3]
L 09/27/2014 - 07:21:45: [0] Invalid skill: -1 [3]
L 09/27/2014 - 07:21:45: [0] Invalid skill: -1 [3]
L 09/27/2014 - 07:21:56: [0] Invalid skill: -1 [3]
L 09/27/2014 - 07:22:01: [0] Invalid skill: -1 [3]
L 09/27/2014 - 07:22:04: [0] Invalid skill: -1 [3]
L 09/27/2014 - 07:22:13: [0] Invalid skill: -1 [3]
L 09/27/2014 - 07:22:17: [0] Invalid skill: -1 [3]
L 09/27/2014 - 07:22:27: [0] Invalid skill: -1 [3]
L 09/27/2014 - 07:22:29: [0] Invalid skill: -1 [3]
L 09/27/2014 - 07:22:32: [0] Invalid skill: -1 [3]
L 09/27/2014 - 07:22:41: [0] Invalid skill: -1 [3]
L 09/27/2014 - 07:22:41: [0] Invalid skill: -1 [3]
L 09/27/2014 - 07:22:42: [0] Invalid skill: -1 [3]
L 09/27/2014 - 07:22:42: [0] Invalid skill: -1 [3]
L 09/27/2014 - 07:22:47: [0] Invalid skill: -1 [3]
L 09/27/2014 - 07:22:48: [0] Invalid skill: -1 [3]
L 09/27/2014 - 07:22:48: [0] Invalid skill: -1 [3]
L 09/27/2014 - 07:22:50: [0] Invalid skill: -1 [3]
L 09/27/2014 - 07:22:50: [0] Invalid skill: -1 [3]
L 09/27/2014 - 07:22:55: [0] Invalid skill: -1 [3]
L 09/27/2014 - 07:22:57: [0] Invalid skill: -1 [3]
L 09/27/2014 - 07:22:59: [0] Invalid skill: -1 [3]
L 09/27/2014 - 07:23:00: [0] Invalid skill: -1 [3]
L 09/27/2014 - 07:23:02: [0] Invalid skill: -1 [3]
L 09/27/2014 - 07:23:03: [0] Invalid skill: -1 [3]
L 09/27/2014 - 07:23:04: [0] Invalid skill: -1 [3]
L 09/27/2014 - 07:23:05: [0] Invalid skill: -1 [3]
L 09/27/2014 - 07:23:07: [0] Invalid skill: -1 [3]
L 09/27/2014 - 07:23:10: [0] Invalid skill: -1 [3]
L 09/27/2014 - 07:23:13: [0] Invalid skill: -1 [3]
L 09/27/2014 - 07:23:16: [0] Invalid skill: -1 [3]
L 09/27/2014 - 07:23:16: [0] Invalid skill: -1 [3]
L 09/27/2014 - 07:23:21: [0] Invalid skill: -1 [3]
L 09/27/2014 - 07:23:23: [0] Invalid skill: -1 [3]
L 09/27/2014 - 07:23:30: [0] Invalid skill: -1 [3]
L 09/27/2014 - 07:23:34: [0] Invalid skill: -1 [3]
L 09/27/2014 - 07:23:36: [0] Invalid skill: -1 [3]
L 09/27/2014 - 07:23:37: [0] Invalid skill: -1 [3]
L 09/27/2014 - 07:23:39: [0] Invalid skill: -1 [3]
L 09/27/2014 - 07:23:43: [0] Invalid skill: -1 [3]
L 09/27/2014 - 07:23:50: [0] Invalid skill: -1 [3]
L 09/27/2014 - 07:23:54: [0] Invalid skill: -1 [3]
L 09/27/2014 - 07:24:10: [0] Invalid skill: -1 [3]
L 09/27/2014 - 07:24:12: [0] Invalid skill: -1 [3]
L 09/27/2014 - 07:24:15: [0] Invalid skill: -1 [3]
L 09/27/2014 - 07:24:23: [0] Invalid skill: -1 [3]
L 09/27/2014 - 07:24:28: [0] Invalid skill: -1 [3]
L 09/27/2014 - 07:24:28: [0] Invalid skill: -1 [3]
L 09/27/2014 - 07:24:30: [0] Invalid skill: -1 [3]
L 09/27/2014 - 07:24:36: [0] Invalid skill: -1 [3]
L 09/27/2014 - 07:24:41: [0] Invalid skill: -1 [3]
L 09/27/2014 - 07:24:47: [0] Invalid skill: -1 [3]
L 09/27/2014 - 07:25:00: [0] Invalid skill: -1 [3]
L 09/27/2014 - 07:25:01: [0] Invalid skill: -1 [3]
L 09/27/2014 - 07:25:04: [0] Invalid skill: -1 [3]
L 09/27/2014 - 07:25:43: [0] Invalid skill: -1 [3]
L 09/27/2014 - 07:25:43: [0] Invalid skill: -1 [3]
L 09/27/2014 - 07:25:43: [0] Invalid skill: -1 [3]
L 09/27/2014 - 07:25:51: [0] Invalid skill: -1 [3]
L 09/27/2014 - 07:25:52: [0] Invalid skill: -1 [3]
L 09/27/2014 - 07:25:55: [0] Invalid skill: -1 [3]
L 09/27/2014 - 07:25:59: [0] Invalid skill: -1 [3]
L 09/27/2014 - 07:26:01: [0] Invalid skill: -1 [3]
L 09/27/2014 - 07:26:01: [0] Invalid skill: -1 [3]
L 09/27/2014 - 07:26:05: [0] Invalid skill: -1 [3]
L 09/27/2014 - 07:26:05: [0] Invalid skill: -1 [3]
L 09/27/2014 - 07:26:10: [0] Invalid skill: -1 [3]
L 09/27/2014 - 07:26:17: [0] Invalid skill: -1 [3]
L 09/27/2014 - 07:26:18: [0] Invalid skill: -1 [3]
L 09/27/2014 - 07:26:19: [0] Invalid skill: -1 [3]
L 09/27/2014 - 07:26:19: [0] Invalid skill: -1 [3]
L 09/27/2014 - 07:26:20: [0] Invalid skill: -1 [3]
L 09/27/2014 - 07:26:20: [0] Invalid skill: -1 [3]
L 09/27/2014 - 07:26:22: [0] Invalid skill: -1 [3]
L 09/27/2014 - 07:26:28: [0] Invalid skill: -1 [3]
L 09/27/2014 - 07:26:30: [0] Invalid skill: -1 [3]
L 09/27/2014 - 07:26:33: [0] Invalid skill: -1 [3]
L 09/27/2014 - 07:26:35: [0] Invalid skill: -1 [3]
L 09/27/2014 - 07:26:45: [0] Invalid skill: -1 [3]
L 09/27/2014 - 07:26:59: [0] Invalid skill: -1 [3]
L 09/27/2014 - 07:27:00: [0] Invalid skill: -1 [3]
L 09/27/2014 - 07:27:03: [0] Invalid skill: -1 [3]
L 09/27/2014 - 07:27:03: [0] Invalid skill: -1 [3]
L 09/27/2014 - 07:27:08: [0] Invalid skill: -1 [3]
L 09/27/2014 - 07:27:08: [0] Invalid skill: -1 [3]
L 09/27/2014 - 07:27:08: [0] Invalid skill: -1 [3]
L 09/27/2014 - 07:27:10: [0] Invalid skill: -1 [3]
L 09/27/2014 - 07:27:20: [0] Invalid skill: -1 [3]
L 09/27/2014 - 07:27:20: [0] Invalid skill: -1 [3]
L 09/27/2014 - 07:27:24: [0] Invalid skill: -1 [3]
L 09/27/2014 - 07:27:31: [0] Invalid skill: -1 [3]
L 09/27/2014 - 07:27:33: [0] Invalid skill: -1 [3]
L 09/27/2014 - 07:27:38: [0] Invalid skill: -1 [3]
L 09/27/2014 - 07:27:39: [0] Invalid skill: -1 [3]
L 09/27/2014 - 07:27:39: [0] Invalid skill: -1 [3]
L 09/27/2014 - 07:27:49: [0] Invalid skill: -1 [3]
L 09/27/2014 - 07:27:50: [0] Invalid skill: -1 [3]
L 09/27/2014 - 07:27:55: [0] Invalid skill: -1 [3]
L 09/27/2014 - 07:28:02: [0] Invalid skill: -1 [3]
L 09/27/2014 - 07:28:07: [0] Invalid skill: -1 [3]
L 09/27/2014 - 07:28:13: [0] Invalid skill: -1 [3]
L 09/27/2014 - 07:28:14: [0] Invalid skill: -1 [3]
L 09/27/2014 - 07:28:15: [0] Invalid skill: -1 [3]
L 09/27/2014 - 07:28:15: [0] Invalid skill: -1 [3]
L 09/27/2014 - 07:28:22: [0] Invalid skill: -1 [3]
L 09/27/2014 - 07:28:22: [0] Invalid skill: -1 [3]
L 09/27/2014 - 07:28:23: [0] Invalid skill: -1 [3]
L 09/27/2014 - 07:28:25: [0] Invalid skill: -1 [3]
L 09/27/2014 - 07:28:27: [0] Invalid skill: -1 [3]
L 09/27/2014 - 07:28:30: [0] Invalid skill: -1 [3]
L 09/27/2014 - 07:28:30: [0] Invalid skill: -1 [3]
L 09/27/2014 - 07:28:31: [0] Invalid skill: -1 [3]
L 09/27/2014 - 07:28:37: [0] Invalid skill: -1 [3]
L 09/27/2014 - 07:28:38: [0] Invalid skill: -1 [3]
L 09/27/2014 - 07:28:51: [0] Invalid skill: -1 [3]
L 09/27/2014 - 07:28:54: [0] Invalid skill: -1 [3]
L 09/27/2014 - 07:28:57: [0] Invalid skill: -1 [3]
L 09/27/2014 - 07:28:59: [0] Invalid skill: -1 [3]
L 09/27/2014 - 07:29:03: [0] Invalid skill: -1 [3]
L 09/27/2014 - 07:29:13: [0] Invalid skill: -1 [3]
L 09/27/2014 - 07:29:16: [0] Invalid skill: -1 [3]
L 09/27/2014 - 07:29:30: [0] Invalid skill: -1 [3]
L 09/27/2014 - 07:29:30: [0] Invalid skill: -1 [3]
L 09/27/2014 - 07:29:38: [0] Invalid skill: -1 [3]
L 09/27/2014 - 07:29:41: [0] Invalid skill: -1 [3]
L 09/27/2014 - 07:29:41: [0] Invalid skill: -1 [3]
L 09/27/2014 - 07:29:43: [0] Invalid skill: -1 [3]
L 09/27/2014 - 07:29:44: [0] Invalid skill: -1 [3]
L 09/27/2014 - 07:29:53: [0] Invalid skill: -1 [3]
L 09/27/2014 - 07:30:01: [0] Invalid skill: -1 [3]
L 09/27/2014 - 07:30:03: [0] Invalid skill: -1 [3]
L 09/27/2014 - 07:30:11: [0] Invalid skill: -1 [3]
L 09/27/2014 - 07:30:31: [0] Invalid skill: -1 [3]
L 09/27/2014 - 07:30:31: [0] Invalid skill: -1 [3]
L 09/27/2014 - 07:30:32: [0] Invalid skill: -1 [3]
L 09/27/2014 - 07:30:33: [0] Invalid skill: -1 [3]
L 09/27/2014 - 07:30:37: [0] Invalid skill: -1 [3]
L 09/27/2014 - 07:30:37: [0] Invalid skill: -1 [3]
L 09/27/2014 - 07:30:42: [0] Invalid skill: -1 [3]
L 09/27/2014 - 07:30:42: [0] Invalid skill: -1 [3]
L 09/27/2014 - 07:30:52: [0] Invalid skill: -1 [3]
L 09/27/2014 - 07:30:53: [0] Invalid skill: -1 [3]
L 09/27/2014 - 07:31:00: [0] Invalid skill: -1 [3]
L 09/27/2014 - 07:31:01: [0] Invalid skill: -1 [3]
L 09/27/2014 - 07:31:03: [0] Invalid skill: -1 [3]
L 09/27/2014 - 07:31:06: [0] Invalid skill: -1 [3]
L 09/27/2014 - 07:31:06: [0] Invalid skill: -1 [3]
L 09/27/2014 - 07:31:12: [0] Invalid skill: -1 [3]
L 09/27/2014 - 07:31:15: [0] Invalid skill: -1 [3]
L 09/27/2014 - 07:31:22: [0] Invalid skill: -1 [3]
L 09/27/2014 - 07:31:23: [0] Invalid skill: -1 [3]
L 09/27/2014 - 07:31:23: [0] Invalid skill: -1 [3]
L 09/27/2014 - 07:31:34: [0] Invalid skill: -1 [3]
L 09/27/2014 - 07:31:34: [0] Invalid skill: -1 [3]
L 09/27/2014 - 07:31:37: [0] Invalid skill: -1 [3]
L 09/27/2014 - 07:31:38: [0] Invalid skill: -1 [3]
L 09/27/2014 - 07:32:02: [0] Invalid skill: -1 [3]
L 09/27/2014 - 07:32:15: [0] Invalid skill: -1 [3]
L 09/27/2014 - 07:32:16: [0] Invalid skill: -1 [3]
L 09/27/2014 - 07:32:21: [0] Invalid skill: -1 [3]
L 09/27/2014 - 07:32:21: [0] Invalid skill: -1 [3]
L 09/27/2014 - 07:32:29: [0] Invalid skill: -1 [3]
L 09/27/2014 - 07:32:34: [0] Invalid skill: -1 [3]
L 09/27/2014 - 07:32:38: [0] Invalid skill: -1 [3]
L 09/27/2014 - 07:32:54: [0] Invalid skill: -1 [3]
L 09/27/2014 - 07:32:54: [0] Invalid skill: -1 [3]
L 09/27/2014 - 07:32:57: [0] Invalid skill: -1 [3]
L 09/27/2014 - 07:33:02: [0] Invalid skill: -1 [3]
L 09/27/2014 - 07:33:21: [0] Invalid skill: -1 [3]
L 09/27/2014 - 07:33:23: [0] Invalid skill: -1 [3]
L 09/27/2014 - 07:33:27: [0] Invalid skill: -1 [3]
L 09/27/2014 - 07:33:43: [0] Invalid skill: -1 [3]
L 09/27/2014 - 07:33:51: [0] Invalid skill: -1 [3]
L 09/27/2014 - 07:33:51: [0] Invalid skill: -1 [3]
L 09/27/2014 - 07:33:57: [0] Invalid skill: -1 [3]
L 09/27/2014 - 07:34:06: [0] Invalid skill: -1 [3]
L 09/27/2014 - 07:34:08: [0] Invalid skill: -1 [3]
L 09/27/2014 - 07:34:11: [0] Invalid skill: -1 [3]
L 09/27/2014 - 07:34:12: [0] Invalid skill: -1 [3]
L 09/27/2014 - 07:34:14: [0] Invalid skill: -1 [3]
L 09/27/2014 - 07:34:17: [0] Invalid skill: -1 [3]
L 09/27/2014 - 07:34:21: [0] Invalid skill: -1 [3]
L 09/27/2014 - 07:34:22: [0] Invalid skill: -1 [3]
L 09/27/2014 - 07:34:44: [0] Invalid skill: -1 [3]
L 09/27/2014 - 07:34:54: [0] Invalid skill: -1 [3]
L 09/27/2014 - 07:35:05: [0] Invalid skill: -1 [3]
L 09/27/2014 - 07:35:05: [0] Invalid skill: -1 [3]
L 09/27/2014 - 07:35:09: [0] Invalid skill: -1 [3]
L 09/27/2014 - 07:35:15: [0] Invalid skill: -1 [3]
L 09/27/2014 - 07:35:18: [0] Invalid skill: -1 [3]
L 09/27/2014 - 07:35:26: [0] Invalid skill: -1 [3]
L 09/27/2014 - 07:35:28: [0] Invalid skill: -1 [3]
L 09/27/2014 - 07:35:29: [0] Invalid skill: -1 [3]
L 09/27/2014 - 07:35:33: [0] Invalid skill: -1 [3]
L 09/27/2014 - 07:35:43: [0] Invalid skill: -1 [3]
L 09/27/2014 - 07:35:47: [0] Invalid skill: -1 [3]
L 09/27/2014 - 07:35:49: [0] Invalid skill: -1 [3]
L 09/27/2014 - 07:35:51: [0] Invalid skill: -1 [3]
L 09/27/2014 - 07:35:54: [0] Invalid skill: -1 [3]
L 09/27/2014 - 07:35:55: [0] Invalid skill: -1 [3]
L 09/27/2014 - 07:36:01: [0] Invalid skill: -1 [3]
L 09/27/2014 - 07:36:14: ** Map 'aim_map' ended
L 09/27/2014 - 07:36:16: ** Map fy_iceworld started, version: '3.0 RC13'
L 09/27/2014 - 07:36:30: [0] Invalid skill: -1 [3]
L 09/27/2014 - 07:36:32: [0] Invalid skill: -1 [3]
L 09/27/2014 - 07:36:33: [0] Invalid skill: -1 [3]
L 09/27/2014 - 07:36:37: [0] Invalid skill: -1 [3]
L 09/27/2014 - 07:36:38: [0] Invalid skill: -1 [3]
L 09/27/2014 - 07:36:40: [0] Invalid skill: -1 [3]
L 09/27/2014 - 07:36:43: [0] Invalid skill: -1 [3]
L 09/27/2014 - 07:36:48: [0] Invalid skill: -1 [3]
L 09/27/2014 - 07:36:58: [0] Invalid skill: -1 [3]
L 09/27/2014 - 07:37:01: [0] Invalid skill: -1 [3]
L 09/27/2014 - 07:37:02: [0] Invalid skill: -1 [3]
L 09/27/2014 - 07:37:03: [0] Invalid skill: -1 [3]
L 09/27/2014 - 07:37:06: [0] Invalid skill: -1 [3]
L 09/27/2014 - 07:37:10: [0] Invalid skill: -1 [3]
L 09/27/2014 - 07:37:17: [0] Invalid skill: -1 [3]
L 09/27/2014 - 07:37:23: [0] Invalid skill: -1 [3]
L 09/27/2014 - 07:37:23: [0] Invalid skill: -1 [3]
L 09/27/2014 - 07:37:24: [0] Invalid skill: -1 [3]
L 09/27/2014 - 07:37:25: [0] Invalid skill: -1 [3]
L 09/27/2014 - 07:37:28: [0] Invalid skill: -1 [3]
L 09/27/2014 - 07:37:30: [0] Invalid skill: -1 [3]
L 09/27/2014 - 07:37:33: [0] Invalid skill: -1 [3]
L 09/27/2014 - 07:37:39: [0] Invalid skill: -1 [3]
L 09/27/2014 - 07:37:42: [0] Invalid skill: -1 [3]
L 09/27/2014 - 07:37:56: [0] Invalid skill: -1 [3]
L 09/27/2014 - 07:38:06: [0] Invalid skill: -1 [3]
L 09/27/2014 - 07:38:08: [0] Invalid skill: -1 [3]
L 09/27/2014 - 07:38:16: [0] Invalid skill: -1 [3]
L 09/27/2014 - 07:38:22: [0] Invalid skill: -1 [3]
L 09/27/2014 - 07:38:22: [0] Invalid skill: -1 [3]
L 09/27/2014 - 07:38:23: [0] Invalid skill: -1 [3]
L 09/27/2014 - 07:38:24: [0] Invalid skill: -1 [3]
L 09/27/2014 - 07:38:28: [0] Invalid skill: -1 [3]
L 09/27/2014 - 07:38:28: [0] Invalid skill: -1 [3]
L 09/27/2014 - 07:38:38: ** Map 'fy_iceworld' ended
L 10/08/2014 - 16:52:30: ** Map fy_iceworld started, version: '3.0 RC13'
L 10/08/2014 - 16:54:34: [0] Invalid skill: -1 [3]
L 10/08/2014 - 16:54:34: [0] Invalid skill: -1 [3]
L 10/08/2014 - 16:54:53: [0] Invalid skill: -1 [3]
L 10/08/2014 - 16:54:54: [0] Invalid skill: -1 [3]
L 10/08/2014 - 16:54:59: [0] Invalid skill: -1 [3]
L 10/08/2014 - 16:55:00: [0] Invalid skill: -1 [3]
L 10/08/2014 - 16:55:00: [0] Invalid skill: -1 [3]
L 10/08/2014 - 16:55:02: [0] Invalid skill: -1 [3]
L 10/08/2014 - 16:55:11: [0] Invalid skill: -1 [3]
L 10/08/2014 - 16:55:12: [0] Invalid skill: -1 [3]
L 10/08/2014 - 16:55:12: [0] Invalid skill: -1 [3]
L 10/08/2014 - 16:55:15: [0] Invalid skill: -1 [3]
L 10/08/2014 - 16:55:17: [0] Invalid skill: -1 [3]
L 10/08/2014 - 16:55:21: [0] Invalid skill: -1 [3]
L 10/08/2014 - 16:55:22: [0] Invalid skill: -1 [3]
L 10/08/2014 - 16:55:22: [0] Invalid skill: -1 [3]
L 10/08/2014 - 16:55:23: [0] Invalid skill: -1 [3]
L 10/08/2014 - 16:55:23: [0] Invalid skill: -1 [3]
L 10/08/2014 - 16:55:23: [0] Invalid skill: -1 [3]
L 10/08/2014 - 16:55:31: [0] Invalid skill: -1 [3]
L 10/08/2014 - 16:55:31: [0] Invalid skill: -1 [3]
L 10/08/2014 - 16:55:31: [0] Invalid skill: -1 [3]
L 10/08/2014 - 16:55:35: [0] Invalid skill: -1 [3]
L 10/08/2014 - 16:55:42: [0] Invalid skill: -1 [3]
L 10/08/2014 - 16:55:52: [0] Invalid skill: -1 [3]
L 10/08/2014 - 16:55:52: [0] Invalid skill: -1 [3]
L 10/08/2014 - 16:55:57: [0] Invalid skill: -1 [3]
L 10/08/2014 - 16:55:59: [0] Invalid skill: -1 [3]
L 10/08/2014 - 16:55:59: [0] Invalid skill: -1 [3]
L 10/08/2014 - 16:56:00: [0] Invalid skill: -1 [3]
L 10/08/2014 - 16:56:01: [0] Invalid skill: -1 [3]
L 10/08/2014 - 16:56:06: [0] Invalid skill: -1 [3]
L 10/08/2014 - 16:56:09: [0] Invalid skill: -1 [3]
L 10/08/2014 - 16:56:13: [0] Invalid skill: -1 [3]
L 10/08/2014 - 16:56:27: [0] Invalid skill: -1 [3]
L 10/08/2014 - 16:56:28: [0] Invalid skill: -1 [3]
L 10/08/2014 - 16:56:29: [0] Invalid skill: -1 [3]
L 10/08/2014 - 16:56:34: [0] Invalid skill: -1 [3]
L 10/08/2014 - 16:56:36: [0] Invalid skill: -1 [3]
L 10/08/2014 - 16:56:39: [0] Invalid skill: -1 [3]
L 10/08/2014 - 16:56:42: [0] Invalid skill: -1 [3]
L 10/08/2014 - 16:56:45: [0] Invalid skill: -1 [3]
L 10/08/2014 - 16:56:50: [0] Invalid skill: -1 [3]
L 10/08/2014 - 16:56:57: [0] Invalid skill: -1 [3]
L 10/08/2014 - 16:56:59: [0] Invalid skill: -1 [3]
L 10/08/2014 - 16:57:01: [0] Invalid skill: -1 [3]
L 10/08/2014 - 16:57:01: [0] Invalid skill: -1 [3]
L 10/08/2014 - 16:57:01: [0] Invalid skill: -1 [3]
L 10/08/2014 - 16:57:02: [0] Invalid skill: -1 [3]
L 10/08/2014 - 16:57:04: [0] Invalid skill: -1 [3]
L 10/08/2014 - 16:57:05: [0] Invalid skill: -1 [3]
L 10/08/2014 - 16:57:07: [0] Invalid skill: -1 [3]
L 10/08/2014 - 16:57:16: [0] Invalid skill: -1 [3]
L 10/08/2014 - 16:57:20: [0] Invalid skill: -1 [3]
L 10/08/2014 - 16:57:29: [0] Invalid skill: -1 [3]
L 10/08/2014 - 16:57:40: [0] Invalid skill: -1 [3]
L 10/08/2014 - 16:57:43: [0] Invalid skill: -1 [3]
L 10/08/2014 - 16:57:45: [0] Invalid skill: -1 [3]
L 10/08/2014 - 16:57:45: [0] Invalid skill: -1 [3]
L 10/08/2014 - 16:57:45: [0] Invalid skill: -1 [3]
L 10/08/2014 - 16:57:46: [0] Invalid skill: -1 [3]
L 10/08/2014 - 16:57:59: [0] Invalid skill: -1 [3]
L 10/08/2014 - 16:58:06: [0] Invalid skill: -1 [3]
L 10/08/2014 - 16:58:08: [0] Invalid skill: -1 [3]
L 10/08/2014 - 16:58:14: [0] Invalid skill: -1 [3]
L 10/08/2014 - 16:58:15: [0] Invalid skill: -1 [3]
L 10/08/2014 - 16:58:26: [0] Invalid skill: -1 [3]
L 10/08/2014 - 16:58:31: [0] Invalid skill: -1 [3]
L 10/08/2014 - 16:58:31: [0] Invalid skill: -1 [3]
L 10/08/2014 - 16:58:35: [0] Invalid skill: -1 [3]
L 10/08/2014 - 16:58:35: [0] Invalid skill: -1 [3]
L 10/08/2014 - 16:58:39: [0] Invalid skill: -1 [3]
L 10/08/2014 - 16:58:41: [0] Invalid skill: -1 [3]
L 10/08/2014 - 16:58:44: [0] Invalid skill: -1 [3]
L 10/08/2014 - 16:58:46: [0] Invalid skill: -1 [3]
L 10/08/2014 - 16:58:50: [0] Invalid skill: -1 [3]
L 10/08/2014 - 16:58:51: [0] Invalid skill: -1 [3]
L 10/08/2014 - 16:58:52: [0] Invalid skill: -1 [3]
L 10/08/2014 - 16:58:56: [0] Invalid skill: -1 [3]
L 10/08/2014 - 16:58:58: [0] Invalid skill: -1 [3]
L 10/08/2014 - 16:59:03: [0] Invalid skill: -1 [3]
L 10/08/2014 - 16:59:03: [0] Invalid skill: -1 [3]
L 10/08/2014 - 16:59:08: [0] Invalid skill: -1 [3]
L 10/08/2014 - 16:59:08: [0] Invalid skill: -1 [3]
L 10/08/2014 - 16:59:08: [0] Invalid skill: -1 [3]
L 10/08/2014 - 16:59:08: [0] Invalid skill: -1 [3]
L 10/08/2014 - 16:59:08: [0] Invalid skill: -1 [3]
L 10/08/2014 - 16:59:12: [0] Invalid skill: -1 [3]
L 10/08/2014 - 16:59:13: [0] Invalid skill: -1 [3]
L 10/08/2014 - 16:59:17: [0] Invalid skill: -1 [3]
L 10/08/2014 - 16:59:17: [0] Invalid skill: -1 [3]
L 10/08/2014 - 16:59:18: [0] Invalid skill: -1 [3]
L 10/08/2014 - 16:59:18: [0] Invalid skill: -1 [3]
L 10/08/2014 - 16:59:26: [0] Invalid skill: -1 [3]
L 10/08/2014 - 16:59:28: [0] Invalid skill: -1 [3]
L 10/08/2014 - 16:59:29: [0] Invalid skill: -1 [3]
L 10/08/2014 - 16:59:29: [0] Invalid skill: -1 [3]
L 10/08/2014 - 16:59:29: [0] Invalid skill: -1 [3]
L 10/08/2014 - 16:59:31: [0] Invalid skill: -1 [3]
L 10/08/2014 - 16:59:34: [0] Invalid skill: -1 [3]
L 10/08/2014 - 16:59:37: [0] Invalid skill: -1 [3]
L 10/08/2014 - 16:59:41: [0] Invalid skill: -1 [3]
L 10/08/2014 - 16:59:46: [0] Invalid skill: -1 [3]
L 10/08/2014 - 16:59:47: [0] Invalid skill: -1 [3]
L 10/08/2014 - 16:59:53: [0] Invalid skill: -1 [3]
L 10/08/2014 - 16:59:53: [0] Invalid skill: -1 [3]
L 10/08/2014 - 16:59:56: [0] Invalid skill: -1 [3]
L 10/08/2014 - 17:00:00: [0] Invalid skill: -1 [3]
L 10/08/2014 - 17:00:00: [0] Invalid skill: -1 [3]
L 10/08/2014 - 17:00:01: [0] Invalid skill: -1 [3]
L 10/08/2014 - 17:00:09: [0] Invalid skill: -1 [3]
L 10/08/2014 - 17:00:09: [0] Invalid skill: -1 [3]
L 10/08/2014 - 17:00:19: [0] Invalid skill: -1 [3]
L 10/08/2014 - 17:00:35: [0] Invalid skill: -1 [3]
L 10/08/2014 - 17:00:35: [0] Invalid skill: -1 [3]
L 10/08/2014 - 17:00:35: [0] Invalid skill: -1 [3]
L 10/08/2014 - 17:00:36: [0] Invalid skill: -1 [3]
L 10/08/2014 - 17:00:39: [0] Invalid skill: -1 [3]
L 10/08/2014 - 17:00:39: [0] Invalid skill: -1 [3]
L 10/08/2014 - 17:00:39: [0] Invalid skill: -1 [3]
L 10/08/2014 - 17:00:50: [0] Invalid skill: -1 [3]
L 10/08/2014 - 17:00:52: [0] Invalid skill: -1 [3]
L 10/08/2014 - 17:01:04: [0] Invalid skill: -1 [3]
L 10/08/2014 - 17:01:08: [0] Invalid skill: -1 [3]
L 10/08/2014 - 17:01:09: [0] Invalid skill: -1 [3]
L 10/08/2014 - 17:01:19: [0] Invalid skill: -1 [3]
L 10/08/2014 - 17:01:19: [0] Invalid skill: -1 [3]
L 10/08/2014 - 17:01:19: [0] Invalid skill: -1 [3]
L 10/08/2014 - 17:01:23: [0] Invalid skill: -1 [3]
L 10/08/2014 - 17:01:25: [0] Invalid skill: -1 [3]
L 10/08/2014 - 17:01:26: [0] Invalid skill: -1 [3]
L 10/08/2014 - 17:01:38: [0] Invalid skill: -1 [3]
L 10/08/2014 - 17:01:40: [0] Invalid skill: -1 [3]
L 10/08/2014 - 17:01:40: [0] Invalid skill: -1 [3]
L 10/08/2014 - 17:01:41: [0] Invalid skill: -1 [3]
L 10/08/2014 - 17:01:41: [0] Invalid skill: -1 [3]
L 10/08/2014 - 17:02:00: [0] Invalid skill: -1 [3]
L 10/08/2014 - 17:02:07: [0] Invalid skill: -1 [3]
L 10/08/2014 - 17:02:16: [0] Invalid skill: -1 [3]
L 10/08/2014 - 17:02:21: [0] Invalid skill: -1 [3]
L 10/08/2014 - 17:02:21: [0] Invalid skill: -1 [3]
L 10/08/2014 - 17:02:23: [0] Invalid skill: -1 [3]
L 10/08/2014 - 17:02:36: [0] Invalid skill: -1 [3]
L 10/08/2014 - 17:02:43: [0] Invalid skill: -1 [3]
L 10/08/2014 - 17:02:45: [0] Invalid skill: -1 [3]
L 10/08/2014 - 17:02:49: [0] Invalid skill: -1 [3]
L 10/08/2014 - 17:02:50: [0] Invalid skill: -1 [3]
L 10/08/2014 - 17:02:50: [0] Invalid skill: -1 [3]
L 10/08/2014 - 17:02:55: [0] Invalid skill: -1 [3]
L 10/08/2014 - 17:02:55: [0] Invalid skill: -1 [3]
L 10/08/2014 - 17:03:04: [0] Invalid skill: -1 [3]
L 10/08/2014 - 17:03:06: [0] Invalid skill: -1 [3]
L 10/08/2014 - 17:03:08: [0] Invalid skill: -1 [3]
L 10/08/2014 - 17:03:11: [0] Invalid skill: -1 [3]
L 10/08/2014 - 17:03:14: [0] Invalid skill: -1 [3]
L 10/08/2014 - 17:03:15: [0] Invalid skill: -1 [3]
L 10/08/2014 - 17:03:15: [0] Invalid skill: -1 [3]
L 10/08/2014 - 17:03:18: [0] Invalid skill: -1 [3]
L 10/08/2014 - 17:03:23: [0] Invalid skill: -1 [3]
L 10/08/2014 - 17:03:25: [0] Invalid skill: -1 [3]
L 10/08/2014 - 17:03:28: [0] Invalid skill: -1 [3]
L 10/08/2014 - 17:03:34: [0] Invalid skill: -1 [3]
L 10/08/2014 - 17:03:37: [0] Invalid skill: -1 [3]
L 10/08/2014 - 17:03:39: [0] Invalid skill: -1 [3]
L 10/08/2014 - 17:03:55: [0] Invalid skill: -1 [3]
L 10/08/2014 - 17:04:00: [0] Invalid skill: -1 [3]
L 10/08/2014 - 17:04:01: [0] Invalid skill: -1 [3]
L 10/08/2014 - 17:04:05: [0] Invalid skill: -1 [3]
L 10/08/2014 - 17:04:05: [0] Invalid skill: -1 [3]
L 10/08/2014 - 17:04:06: [0] Invalid skill: -1 [3]
L 10/08/2014 - 17:04:08: [0] Invalid skill: -1 [3]
L 10/08/2014 - 17:04:14: [0] Invalid skill: -1 [3]
L 10/08/2014 - 17:04:24: [0] Invalid skill: -1 [3]
L 10/08/2014 - 17:04:24: [0] Invalid skill: -1 [3]
L 10/08/2014 - 17:04:28: [0] Invalid skill: -1 [3]
L 10/08/2014 - 17:04:28: [0] Invalid skill: -1 [3]
L 10/08/2014 - 17:04:31: [0] Invalid skill: -1 [3]
L 10/08/2014 - 17:04:31: [0] Invalid skill: -1 [3]
L 10/08/2014 - 17:04:32: [0] Invalid skill: -1 [3]
L 10/08/2014 - 17:04:42: [0] Invalid skill: -1 [3]
L 10/08/2014 - 17:04:44: [0] Invalid skill: -1 [3]
L 10/08/2014 - 17:04:46: [0] Invalid skill: -1 [3]
L 10/08/2014 - 17:04:46: [0] Invalid skill: -1 [3]
L 10/08/2014 - 17:04:47: [0] Invalid skill: -1 [3]
L 10/08/2014 - 17:04:47: [0] Invalid skill: -1 [3]
L 10/08/2014 - 17:04:47: [0] Invalid skill: -1 [3]
L 10/08/2014 - 17:04:52: [0] Invalid skill: -1 [3]
L 10/08/2014 - 17:04:54: [0] Invalid skill: -1 [3]
L 10/08/2014 - 17:04:57: [0] Invalid skill: -1 [3]
L 10/08/2014 - 17:05:01: [0] Invalid skill: -1 [3]
L 10/08/2014 - 17:05:06: [0] Invalid skill: -1 [3]
L 10/08/2014 - 17:05:06: [0] Invalid skill: -1 [3]
L 10/08/2014 - 17:05:06: [0] Invalid skill: -1 [3]
L 10/08/2014 - 17:05:06: [0] Invalid skill: -1 [3]
L 10/08/2014 - 17:05:06: [0] Invalid skill: -1 [3]
L 10/08/2014 - 17:05:16: [0] Invalid skill: -1 [3]
L 10/08/2014 - 17:05:17: [0] Invalid skill: -1 [3]
L 10/08/2014 - 17:05:18: [0] Invalid skill: -1 [3]
L 10/08/2014 - 17:05:23: [0] Invalid skill: -1 [3]
L 10/08/2014 - 17:05:23: [0] Invalid skill: -1 [3]
L 10/08/2014 - 17:05:28: [0] Invalid skill: -1 [3]
L 10/08/2014 - 17:05:35: [0] Invalid skill: -1 [3]
L 10/08/2014 - 17:05:36: [0] Invalid skill: -1 [3]
L 10/08/2014 - 17:05:38: [0] Invalid skill: -1 [3]
L 10/08/2014 - 17:05:38: [0] Invalid skill: -1 [3]
L 10/08/2014 - 17:05:40: [0] Invalid skill: -1 [3]
L 10/08/2014 - 17:05:45: [0] Invalid skill: -1 [3]
L 10/08/2014 - 17:05:46: [0] Invalid skill: -1 [3]
L 10/08/2014 - 17:05:47: [0] Invalid skill: -1 [3]
L 10/08/2014 - 17:05:49: [0] Invalid skill: -1 [3]
L 10/08/2014 - 17:05:52: [0] Invalid skill: -1 [3]
L 10/08/2014 - 17:05:52: ** Map 'fy_iceworld' ended
